#
# There is insufficient memory for the Java Runtime Environment to continue.
# Native memory allocation (malloc) failed to allocate 921728 bytes for Chunk::new
# Possible reasons:
#   The system is out of physical RAM or swap space
#   The process is running with CompressedOops enabled, and the Java Heap may be blocking the growth of the native heap
# Possible solutions:
#   Reduce memory load on the system
#   Increase physical memory or swap space
#   Check if swap backing store is full
#   Decrease Java heap size (-Xmx/-Xms)
#   Decrease number of Java threads
#   Decrease Java thread stack sizes (-Xss)
#   Set larger code cache with -XX:ReservedCodeCacheSize=
#   JVM is running with Unscaled Compressed Oops mode in which the Java heap is
#     placed in the first 4GB address space. The Java Heap base address is the
#     maximum limit for the native heap growth. Please use -XX:HeapBaseMinAddress
#     to set the Java Heap base and to place the Java Heap above 4GB virtual address.
# This output file may be truncated or incomplete.
#
#  Out of Memory Error (arena.cpp:189), pid=15980, tid=13416
#
# JRE version: OpenJDK Runtime Environment Temurin-17.0.4.1+1 (17.0.4.1+1) (build 17.0.4.1+1)
# Java VM: OpenJDK 64-Bit Server VM Temurin-17.0.4.1+1 (17.0.4.1+1, mixed mode, tiered, compressed oops, compressed class ptrs, g1 gc, windows-amd64)
# No core dump will be written. Minidumps are not enabled by default on client versions of Windows
#

---------------  S U M M A R Y ------------

Command Line: -ea -Dfile.encoding=UTF-8 -XX:+ShowCodeDetailsInExceptionMessages org.testng.remote.RemoteTestNG -serport 49975 -protocol json -d D:\Selenium_2023\CertificateUI\test-output C:\Users\priya\AppData\Local\Temp\testng-eclipse--866409299\testng-customsuite.xml

Host: 11th Gen Intel(R) Core(TM) i3-1115G4 @ 3.00GHz, 4 cores, 3G,  Windows 11 , 64 bit Build 22621 (10.0.22621.2506)
Time: Wed Jan  3 13:30:00 2024 India Standard Time elapsed time: 79.734251 seconds (0d 0h 1m 19s)

---------------  T H R E A D  ---------------

Current thread (0x000001e62f151e90):  JavaThread "C2 CompilerThread0" daemon [_thread_in_native, id=13416, stack(0x000000486cb00000,0x000000486cc00000)]


Current CompileTask:
C2:  79734 3278       4       org.openqa.selenium.json.JsonInput::readString (100 bytes)

Stack: [0x000000486cb00000,0x000000486cc00000]
Native frames: (J=compiled Java code, j=interpreted, Vv=VM code, C=native code)
V  [jvm.dll+0x67731a]
V  [jvm.dll+0x832284]
V  [jvm.dll+0x833a2e]
V  [jvm.dll+0x834093]
V  [jvm.dll+0x245775]
V  [jvm.dll+0xabd7b]
V  [jvm.dll+0xac30c]
V  [jvm.dll+0x363a97]
V  [jvm.dll+0x32e011]
V  [jvm.dll+0x32d4ba]
V  [jvm.dll+0x218681]
V  [jvm.dll+0x217aa1]
V  [jvm.dll+0x1a3f8d]
V  [jvm.dll+0x227498]
V  [jvm.dll+0x2255e5]
V  [jvm.dll+0x7e7e9b]
V  [jvm.dll+0x7e240a]
V  [jvm.dll+0x6761a5]
C  [ucrtbase.dll+0x29363]
C  [KERNEL32.DLL+0x1257d]
C  [ntdll.dll+0x5aa58]


---------------  P R O C E S S  ---------------

Threads class SMR info:
_java_thread_list=0x000001e6494193d0, length=73, elements={
0x000001e6314740a0, 0x000001e64833c690, 0x000001e64833f330, 0x000001e648358170,
0x000001e648358a30, 0x000001e6483b67d0, 0x000001e6483b7090, 0x000001e62f151e90,
0x000001e62f152dc0, 0x000001e648c2c910, 0x000001e648d79b90, 0x000001e648db9620,
0x000001e649438a20, 0x000001e649cb1010, 0x000001e649e1ed40, 0x000001e64bc00770,
0x000001e649585360, 0x000001e649585830, 0x000001e64a19aae0, 0x000001e649cb8bb0,
0x000001e649cb73a0, 0x000001e649cb7870, 0x000001e649cb6a00, 0x000001e649cb6ed0,
0x000001e649cb8210, 0x000001e649cb86e0, 0x000001e649cb5b90, 0x000001e6491d0580,
0x000001e6491cd090, 0x000001e6491d0a50, 0x000001e6491caee0, 0x000001e6491ca070,
0x000001e6491cb3b0, 0x000001e6491cf240, 0x000001e6491ce3d0, 0x000001e6491cda30,
0x000001e6491cfbe0, 0x000001e6491cc6f0, 0x000001e6491cb880, 0x000001e6491ca540,
0x000001e6491cd560, 0x000001e6491d0f20, 0x000001e6491d13f0, 0x000001e6491cdf00,
0x000001e6491ce8a0, 0x000001e6491caa10, 0x000001e6491cbd50, 0x000001e6491cc220,
0x000001e649a1c450, 0x000001e649a1c920, 0x000001e649a1cdf0, 0x000001e649a1ead0,
0x000001e649a1bf80, 0x000001e649a202e0, 0x000001e649a1efa0, 0x000001e649a1a770,
0x000001e649a1e600, 0x000001e649a1ac40, 0x000001e649a19900, 0x000001e649a207b0,
0x000001e649a1dc60, 0x000001e649a1f470, 0x000001e649a19dd0, 0x000001e649a20c80,
0x000001e649a1f940, 0x000001e649a1b110, 0x000001e649a1fe10, 0x000001e649a19430,
0x000001e649a1b5e0, 0x000001e649a1d790, 0x000001e649a1a2a0, 0x000001e649a1bab0,
0x000001e6491ced70
}

Java Threads: ( => current thread )
  0x000001e6314740a0 JavaThread "Forwarding maximizeCurrentWindow on session 6fec94bddb9e339c48fb3407d62d3c27 to remote" [_thread_blocked, id=19016, stack(0x000000486bd00000,0x000000486be00000)]
  0x000001e64833c690 JavaThread "Reference Handler" daemon [_thread_blocked, id=2096, stack(0x000000486c500000,0x000000486c600000)]
  0x000001e64833f330 JavaThread "Finalizer" daemon [_thread_blocked, id=9688, stack(0x000000486c600000,0x000000486c700000)]
  0x000001e648358170 JavaThread "Signal Dispatcher" daemon [_thread_blocked, id=1384, stack(0x000000486c700000,0x000000486c800000)]
  0x000001e648358a30 JavaThread "Attach Listener" daemon [_thread_blocked, id=15432, stack(0x000000486c800000,0x000000486c900000)]
  0x000001e6483b67d0 JavaThread "Service Thread" daemon [_thread_blocked, id=11832, stack(0x000000486c900000,0x000000486ca00000)]
  0x000001e6483b7090 JavaThread "Monitor Deflation Thread" daemon [_thread_blocked, id=16856, stack(0x000000486ca00000,0x000000486cb00000)]
=>0x000001e62f151e90 JavaThread "C2 CompilerThread0" daemon [_thread_in_native, id=13416, stack(0x000000486cb00000,0x000000486cc00000)]
  0x000001e62f152dc0 JavaThread "C1 CompilerThread0" daemon [_thread_blocked, id=14720, stack(0x000000486cc00000,0x000000486cd00000)]
  0x000001e648c2c910 JavaThread "Sweeper thread" daemon [_thread_blocked, id=20112, stack(0x000000486cd00000,0x000000486ce00000)]
  0x000001e648d79b90 JavaThread "Notification Thread" daemon [_thread_blocked, id=18704, stack(0x000000486ce00000,0x000000486cf00000)]
  0x000001e648db9620 JavaThread "Common-Cleaner" daemon [_thread_blocked, id=5796, stack(0x000000486d000000,0x000000486d100000)]
  0x000001e649438a20 JavaThread "ReaderThread" [_thread_in_native, id=13708, stack(0x000000486d200000,0x000000486d300000)]
  0x000001e649cb1010 JavaThread "ForkJoinPool.commonPool-worker-1" daemon [_thread_blocked, id=14832, stack(0x000000486d600000,0x000000486d700000)]
  0x000001e649e1ed40 JavaThread "HttpClient-1-SelectorManager" daemon [_thread_in_native, id=20468, stack(0x000000486d700000,0x000000486d800000)]
  0x000001e64bc00770 JavaThread "Thread-3" [_thread_in_native, id=19716, stack(0x000000486d800000,0x000000486d900000)]
  0x000001e649585360 JavaThread "Driver Service Executor" daemon [_thread_blocked, id=12348, stack(0x000000486d900000,0x000000486da00000)]
  0x000001e649585830 JavaThread "Driver Service Executor" daemon [_thread_blocked, id=20104, stack(0x000000486da00000,0x000000486db00000)]
  0x000001e64a19aae0 JavaThread "UrlChecker-2" daemon [_thread_blocked, id=1444, stack(0x000000486db00000,0x000000486dc00000)]
  0x000001e649cb8bb0 JavaThread "pool-1-thread-1" [_thread_blocked, id=9960, stack(0x000000486dd00000,0x000000486de00000)]
  0x000001e649cb73a0 JavaThread "pool-1-thread-2" [_thread_blocked, id=12736, stack(0x000000486de00000,0x000000486df00000)]
  0x000001e649cb7870 JavaThread "pool-1-thread-3" [_thread_blocked, id=20412, stack(0x000000486df00000,0x000000486e000000)]
  0x000001e649cb6a00 JavaThread "HttpClient-2-SelectorManager" daemon [_thread_in_native, id=12096, stack(0x000000486dc00000,0x000000486dd00000)]
  0x000001e649cb6ed0 JavaThread "HttpClient-3-SelectorManager" daemon [_thread_in_native, id=7840, stack(0x000000486e300000,0x000000486e400000)]
  0x000001e649cb8210 JavaThread "Thread-7" [_thread_in_native, id=3596, stack(0x000000486e400000,0x000000486e500000)]
  0x000001e649cb86e0 JavaThread "Driver Service Executor" daemon [_thread_blocked, id=9532, stack(0x000000486e500000,0x000000486e600000)]
  0x000001e649cb5b90 JavaThread "Driver Service Executor" daemon [_thread_blocked, id=16920, stack(0x000000486e600000,0x000000486e700000)]
  0x000001e6491d0580 JavaThread "pool-3-thread-1" [_thread_blocked, id=4236, stack(0x000000486e800000,0x000000486e900000)]
  0x000001e6491cd090 JavaThread "pool-3-thread-2" [_thread_blocked, id=14284, stack(0x000000486e900000,0x000000486ea00000)]
  0x000001e6491d0a50 JavaThread "pool-3-thread-3" [_thread_blocked, id=16428, stack(0x000000486ea00000,0x000000486eb00000)]
  0x000001e6491caee0 JavaThread "HttpClient-4-SelectorManager" daemon [_thread_in_native, id=19548, stack(0x000000486ed00000,0x000000486ee00000)]
  0x000001e6491ca070 JavaThread "pool-4-thread-1" [_thread_blocked, id=6680, stack(0x000000486ee00000,0x000000486ef00000)]
  0x000001e6491cb3b0 JavaThread "pool-4-thread-2" [_thread_blocked, id=2376, stack(0x000000486ef00000,0x000000486f000000)]
  0x000001e6491cf240 JavaThread "pool-4-thread-3" [_thread_blocked, id=19672, stack(0x000000486f000000,0x000000486f100000)]
  0x000001e6491ce3d0 JavaThread "HttpClient-5-SelectorManager" daemon [_thread_in_native, id=7108, stack(0x000000486e700000,0x000000486e800000)]
  0x000001e6491cda30 JavaThread "Thread-11" [_thread_in_native, id=6940, stack(0x000000486f100000,0x000000486f200000)]
  0x000001e6491cfbe0 JavaThread "Driver Service Executor" daemon [_thread_blocked, id=19808, stack(0x000000486f200000,0x000000486f300000)]
  0x000001e6491cc6f0 JavaThread "Driver Service Executor" daemon [_thread_blocked, id=19688, stack(0x000000486f300000,0x000000486f400000)]
  0x000001e6491cb880 JavaThread "pool-5-thread-1" [_thread_blocked, id=17776, stack(0x000000486f500000,0x000000486f600000)]
  0x000001e6491ca540 JavaThread "pool-5-thread-2" [_thread_blocked, id=20192, stack(0x000000486f600000,0x000000486f700000)]
  0x000001e6491cd560 JavaThread "pool-5-thread-3" [_thread_blocked, id=11512, stack(0x000000486f700000,0x000000486f800000)]
  0x000001e6491d0f20 JavaThread "HttpClient-6-SelectorManager" daemon [_thread_in_native, id=14376, stack(0x000000486f800000,0x000000486f900000)]
  0x000001e6491d13f0 JavaThread "pool-6-thread-1" [_thread_blocked, id=17972, stack(0x000000486f900000,0x000000486fa00000)]
  0x000001e6491cdf00 JavaThread "pool-6-thread-2" [_thread_blocked, id=19352, stack(0x000000486fa00000,0x000000486fb00000)]
  0x000001e6491ce8a0 JavaThread "pool-6-thread-3" [_thread_blocked, id=12900, stack(0x000000486fb00000,0x000000486fc00000)]
  0x000001e6491caa10 JavaThread "pool-7-thread-1" [_thread_blocked, id=16784, stack(0x0000004870000000,0x0000004870100000)]
  0x000001e6491cbd50 JavaThread "pool-7-thread-2" [_thread_blocked, id=992, stack(0x0000004870100000,0x0000004870200000)]
  0x000001e6491cc220 JavaThread "pool-7-thread-3" [_thread_blocked, id=15080, stack(0x0000004870200000,0x0000004870300000)]
  0x000001e649a1c450 JavaThread "pool-8-thread-1" [_thread_blocked, id=7076, stack(0x0000004870400000,0x0000004870500000)]
  0x000001e649a1c920 JavaThread "pool-8-thread-2" [_thread_blocked, id=9560, stack(0x0000004870500000,0x0000004870600000)]
  0x000001e649a1cdf0 JavaThread "pool-8-thread-3" [_thread_blocked, id=8780, stack(0x0000004870600000,0x0000004870700000)]
  0x000001e649a1ead0 JavaThread "HttpClient-9-SelectorManager" daemon [_thread_in_native, id=9680, stack(0x000000486fd00000,0x000000486fe00000)]
  0x000001e649a1bf80 JavaThread "Thread-23" [_thread_in_native, id=12304, stack(0x000000486fe00000,0x000000486ff00000)]
  0x000001e649a202e0 JavaThread "Driver Service Executor" daemon [_thread_blocked, id=16140, stack(0x000000486ff00000,0x0000004870000000)]
  0x000001e649a1efa0 JavaThread "Driver Service Executor" daemon [_thread_in_native, id=12660, stack(0x0000004870300000,0x0000004870400000)]
  0x000001e649a1a770 JavaThread "pool-9-thread-1" [_thread_blocked, id=10604, stack(0x0000004870800000,0x0000004870900000)]
  0x000001e649a1e600 JavaThread "pool-9-thread-2" [_thread_blocked, id=14160, stack(0x0000004870900000,0x0000004870a00000)]
  0x000001e649a1ac40 JavaThread "HttpClient-10-SelectorManager" daemon [_thread_in_native, id=5440, stack(0x0000004870700000,0x0000004870800000)]
  0x000001e649a19900 JavaThread "pool-10-thread-1" [_thread_blocked, id=6632, stack(0x0000004870a00000,0x0000004870b00000)]
  0x000001e649a207b0 JavaThread "pool-10-thread-2" [_thread_blocked, id=3352, stack(0x0000004870b00000,0x0000004870c00000)]
  0x000001e649a1dc60 JavaThread "pool-10-thread-3" [_thread_blocked, id=19828, stack(0x0000004870c00000,0x0000004870d00000)]
  0x000001e649a1f470 JavaThread "pool-9-thread-3" [_thread_blocked, id=12200, stack(0x0000004870d00000,0x0000004870e00000)]
  0x000001e649a19dd0 JavaThread "HttpClient-11-SelectorManager" daemon [_thread_in_native, id=14352, stack(0x0000004870e00000,0x0000004870f00000)]
  0x000001e649a20c80 JavaThread "Thread-27" [_thread_in_native, id=16608, stack(0x0000004870f00000,0x0000004871000000)]
  0x000001e649a1f940 JavaThread "Driver Service Executor" daemon [_thread_blocked, id=8904, stack(0x0000004871000000,0x0000004871100000)]
  0x000001e649a1b110 JavaThread "Driver Service Executor" daemon [_thread_in_native, id=3560, stack(0x0000004871100000,0x0000004871200000)]
  0x000001e649a1fe10 JavaThread "pool-11-thread-1" [_thread_blocked, id=20024, stack(0x0000004871300000,0x0000004871400000)]
  0x000001e649a19430 JavaThread "pool-11-thread-2" [_thread_blocked, id=19772, stack(0x0000004871400000,0x0000004871500000)]
  0x000001e649a1b5e0 JavaThread "pool-11-thread-3" [_thread_blocked, id=18380, stack(0x0000004871500000,0x0000004871600000)]
  0x000001e649a1d790 JavaThread "HttpClient-12-SelectorManager" daemon [_thread_in_native, id=20960, stack(0x000000486e000000,0x000000486e100000)]
  0x000001e649a1a2a0 JavaThread "pool-12-thread-1" [_thread_blocked, id=20964, stack(0x000000486e100000,0x000000486e200000)]
  0x000001e649a1bab0 JavaThread "pool-12-thread-2" [_thread_blocked, id=20968, stack(0x000000486e200000,0x000000486e300000)]
  0x000001e6491ced70 JavaThread "pool-12-thread-3" [_thread_blocked, id=20976, stack(0x000000486f400000,0x000000486f500000)]

Other Threads:
  0x000001e64836cb90 VMThread "VM Thread" [stack: 0x000000486c400000,0x000000486c500000] [id=18708]
  0x000001e62f14f370 WatcherThread [stack: 0x000000486cf00000,0x000000486d000000] [id=8700]
  0x000001e6314abe90 GCTaskThread "GC Thread#0" [stack: 0x000000486bf00000,0x000000486c000000] [id=8864]
  0x000001e6496d0860 GCTaskThread "GC Thread#1" [stack: 0x000000486d300000,0x000000486d400000] [id=11968]
  0x000001e64948e2f0 GCTaskThread "GC Thread#2" [stack: 0x000000486d400000,0x000000486d500000] [id=3024]
  0x000001e64948e5a0 GCTaskThread "GC Thread#3" [stack: 0x000000486d500000,0x000000486d600000] [id=14964]
  0x000001e6314b43e0 ConcurrentGCThread "G1 Main Marker" [stack: 0x000000486c000000,0x000000486c100000] [id=872]
  0x000001e6314b51b0 ConcurrentGCThread "G1 Conc#0" [stack: 0x000000486c100000,0x000000486c200000] [id=5432]
  0x000001e6314f4530 ConcurrentGCThread "G1 Refine#0" [stack: 0x000000486c200000,0x000000486c300000] [id=13844]
  0x000001e6314f4d60 ConcurrentGCThread "G1 Service" [stack: 0x000000486c300000,0x000000486c400000] [id=9024]

Threads with active compile tasks:
C2 CompilerThread0    79789 3278       4       org.openqa.selenium.json.JsonInput::readString (100 bytes)

VM state: not at safepoint (normal execution)

VM Mutex/Monitor currently owned by a thread: None

Heap address: 0x00000000c4000000, size: 960 MB, Compressed Oops mode: 32-bit

CDS archive(s) not mapped
Compressed class space mapped at: 0x0000000100000000-0x0000000140000000, reserved size: 1073741824
Narrow klass base: 0x0000000000000000, Narrow klass shift: 3, Narrow klass range: 0x140000000

GC Precious Log:
 CPUs: 4 total, 4 available
 Memory: 3838M
 Large Page Support: Disabled
 NUMA Support: Disabled
 Compressed Oops: Enabled (32-bit)
 Heap Region Size: 1M
 Heap Min Capacity: 8M
 Heap Initial Capacity: 60M
 Heap Max Capacity: 960M
 Pre-touch: Disabled
 Parallel Workers: 4
 Concurrent Workers: 1
 Concurrent Refinement Workers: 4
 Periodic GC: Disabled

Heap:
 garbage-first heap   total 27648K, used 12345K [0x00000000c4000000, 0x0000000100000000)
  region size 1024K, 4 young (4096K), 1 survivors (1024K)
 Metaspace       used 29592K, committed 29888K, reserved 1081344K
  class space    used 3406K, committed 3584K, reserved 1048576K

Heap Regions: E=young(eden), S=young(survivor), O=old, HS=humongous(starts), HC=humongous(continues), CS=collection set, F=free, OA=open archive, CA=closed archive, TAMS=top-at-mark-start (previous, next)
|   0|0x00000000c4000000, 0x00000000c4100000, 0x00000000c4100000|100%| O|  |TAMS 0x00000000c4100000, 0x00000000c4000000| Untracked 
|   1|0x00000000c4100000, 0x00000000c4200000, 0x00000000c4200000|100%| O|  |TAMS 0x00000000c4200000, 0x00000000c4100000| Untracked 
|   2|0x00000000c4200000, 0x00000000c4300000, 0x00000000c4300000|100%| O|  |TAMS 0x00000000c4300000, 0x00000000c4200000| Untracked 
|   3|0x00000000c4300000, 0x00000000c4374000, 0x00000000c4400000| 45%| O|  |TAMS 0x00000000c4300000, 0x00000000c4300000| Untracked 
|   4|0x00000000c4400000, 0x00000000c4500000, 0x00000000c4500000|100%| O|  |TAMS 0x00000000c4400000, 0x00000000c4400000| Untracked 
|   5|0x00000000c4500000, 0x00000000c4600000, 0x00000000c4600000|100%| O|  |TAMS 0x00000000c4500000, 0x00000000c4500000| Untracked 
|   6|0x00000000c4600000, 0x00000000c4700000, 0x00000000c4700000|100%| O|  |TAMS 0x00000000c4600000, 0x00000000c4600000| Untracked 
|   7|0x00000000c4700000, 0x00000000c4800000, 0x00000000c4800000|100%| O|  |TAMS 0x00000000c4700000, 0x00000000c4700000| Untracked 
|   8|0x00000000c4800000, 0x00000000c4900000, 0x00000000c4900000|100%| O|  |TAMS 0x00000000c4800000, 0x00000000c4800000| Untracked 
|   9|0x00000000c4900000, 0x00000000c4900000, 0x00000000c4a00000|  0%| F|  |TAMS 0x00000000c4900000, 0x00000000c4900000| Untracked 
|  10|0x00000000c4a00000, 0x00000000c4a00000, 0x00000000c4b00000|  0%| F|  |TAMS 0x00000000c4a00000, 0x00000000c4a00000| Untracked 
|  11|0x00000000c4b00000, 0x00000000c4c00000, 0x00000000c4c00000|100%| O|  |TAMS 0x00000000c4b00000, 0x00000000c4b00000| Untracked 
|  12|0x00000000c4c00000, 0x00000000c4c00000, 0x00000000c4d00000|  0%| F|  |TAMS 0x00000000c4c00000, 0x00000000c4c00000| Untracked 
|  13|0x00000000c4d00000, 0x00000000c4d00000, 0x00000000c4e00000|  0%| F|  |TAMS 0x00000000c4d00000, 0x00000000c4d00000| Untracked 
|  14|0x00000000c4e00000, 0x00000000c4e00000, 0x00000000c4f00000|  0%| F|  |TAMS 0x00000000c4e00000, 0x00000000c4e00000| Untracked 
|  15|0x00000000c4f00000, 0x00000000c4f00000, 0x00000000c5000000|  0%| F|  |TAMS 0x00000000c4f00000, 0x00000000c4f00000| Untracked 
|  16|0x00000000c5000000, 0x00000000c509a6b0, 0x00000000c5100000| 60%| S|CS|TAMS 0x00000000c5000000, 0x00000000c5000000| Complete 
|  17|0x00000000c5100000, 0x00000000c5100000, 0x00000000c5200000|  0%| F|  |TAMS 0x00000000c5100000, 0x00000000c5100000| Untracked 
|  18|0x00000000c5200000, 0x00000000c5200000, 0x00000000c5300000|  0%| F|  |TAMS 0x00000000c5200000, 0x00000000c5200000| Untracked 
|  19|0x00000000c5300000, 0x00000000c5300000, 0x00000000c5400000|  0%| F|  |TAMS 0x00000000c5300000, 0x00000000c5300000| Untracked 
|  20|0x00000000c5400000, 0x00000000c5400000, 0x00000000c5500000|  0%| F|  |TAMS 0x00000000c5400000, 0x00000000c5400000| Untracked 
|  21|0x00000000c5500000, 0x00000000c5500000, 0x00000000c5600000|  0%| F|  |TAMS 0x00000000c5500000, 0x00000000c5500000| Untracked 
|  22|0x00000000c5600000, 0x00000000c5600000, 0x00000000c5700000|  0%| F|  |TAMS 0x00000000c5600000, 0x00000000c5600000| Untracked 
|  41|0x00000000c6900000, 0x00000000c6900000, 0x00000000c6a00000|  0%| F|  |TAMS 0x00000000c6900000, 0x00000000c6900000| Untracked 
|  42|0x00000000c6a00000, 0x00000000c6aea8d8, 0x00000000c6b00000| 91%| E|  |TAMS 0x00000000c6a00000, 0x00000000c6a00000| Complete 
|  45|0x00000000c6d00000, 0x00000000c6e00000, 0x00000000c6e00000|100%| E|CS|TAMS 0x00000000c6d00000, 0x00000000c6d00000| Complete 
|  59|0x00000000c7b00000, 0x00000000c7c00000, 0x00000000c7c00000|100%| E|CS|TAMS 0x00000000c7b00000, 0x00000000c7b00000| Complete 

Card table byte_map: [0x000001e643cd0000,0x000001e643eb0000] _byte_map_base: 0x000001e6436b0000

Marking Bits (Prev, Next): (CMBitMap*) 0x000001e6314ac2f0, (CMBitMap*) 0x000001e6314ac2b0
 Prev Bits: [0x000001e644f90000, 0x000001e645e90000)
 Next Bits: [0x000001e644090000, 0x000001e644f90000)

Polling page: 0x000001e630c00000

Metaspace:

Usage:
  Non-class:     25.57 MB used.
      Class:      3.33 MB used.
       Both:     28.90 MB used.

Virtual space:
  Non-class space:       32.00 MB reserved,      25.69 MB ( 80%) committed,  4 nodes.
      Class space:        1.00 GB reserved,       3.50 MB ( <1%) committed,  1 nodes.
             Both:        1.03 GB reserved,      29.19 MB (  3%) committed. 

Chunk freelists:
   Non-Class:  2.12 MB
       Class:  496.00 KB
        Both:  2.61 MB

MaxMetaspaceSize: unlimited
CompressedClassSpaceSize: 1.00 GB
Initial GC threshold: 21.00 MB
Current GC threshold: 35.12 MB
CDS: off
MetaspaceReclaimPolicy: balanced
 - commit_granule_bytes: 65536.
 - commit_granule_words: 8192.
 - virtual_space_node_default_size: 1048576.
 - enlarge_chunks_in_place: 1.
 - new_chunks_are_fully_committed: 0.
 - uncommit_free_chunks: 1.
 - use_allocation_guard: 0.
 - handle_deallocations: 1.


Internal statistics:

num_allocs_failed_limit: 3.
num_arena_births: 332.
num_arena_deaths: 0.
num_vsnodes_births: 5.
num_vsnodes_deaths: 0.
num_space_committed: 467.
num_space_uncommitted: 0.
num_chunks_returned_to_freelist: 3.
num_chunks_taken_from_freelist: 960.
num_chunk_merges: 0.
num_chunk_splits: 564.
num_chunks_enlarged: 370.
num_purges: 0.
num_inconsistent_stats: 0.

CodeHeap 'non-profiled nmethods': size=120000Kb used=1229Kb max_used=1229Kb free=118770Kb
 bounds [0x000001e63c5c0000, 0x000001e63c830000, 0x000001e643af0000]
CodeHeap 'profiled nmethods': size=120000Kb used=6382Kb max_used=6382Kb free=113618Kb
 bounds [0x000001e635090000, 0x000001e6356d0000, 0x000001e63c5c0000]
CodeHeap 'non-nmethods': size=5760Kb used=1267Kb max_used=1311Kb free=4492Kb
 bounds [0x000001e634af0000, 0x000001e634d60000, 0x000001e635090000]
 total_blobs=3847 nmethods=3284 adapters=474
 compilation: enabled
              stopped_count=0, restarted_count=0
 full_count=0

Compilation events (20 events):
Event: 79.646 Thread 0x000001e62f152dc0 nmethod 3270 0x000001e6356c1990 code [0x000001e6356c1b40, 0x000001e6356c1c88]
Event: 79.646 Thread 0x000001e62f152dc0 3271       3       jdk.internal.net.http.HttpClientImpl::registerEvent (9 bytes)
Event: 79.647 Thread 0x000001e62f152dc0 nmethod 3271 0x000001e6356c1d10 code [0x000001e6356c1ee0, 0x000001e6356c2238]
Event: 79.650 Thread 0x000001e62f152dc0 3272   !   3       java.util.concurrent.CompletableFuture::uniHandle (81 bytes)
Event: 79.651 Thread 0x000001e62f152dc0 nmethod 3272 0x000001e6356c2410 code [0x000001e6356c2740, 0x000001e6356c3a88]
Event: 79.664 Thread 0x000001e62f151e90 nmethod 3263 0x000001e63c6f0590 code [0x000001e63c6f0780, 0x000001e63c6f1898]
Event: 79.664 Thread 0x000001e62f151e90 3268       4       java.lang.AbstractStringBuilder::append (45 bytes)
Event: 79.671 Thread 0x000001e62f151e90 nmethod 3268 0x000001e63c6f2090 code [0x000001e63c6f2240, 0x000001e63c6f2af8]
Event: 79.671 Thread 0x000001e62f152dc0 3273       3       java.lang.ref.PhantomReference::<init> (7 bytes)
Event: 79.673 Thread 0x000001e62f152dc0 nmethod 3273 0x000001e6356c4210 code [0x000001e6356c43c0, 0x000001e6356c4698]
Event: 79.677 Thread 0x000001e62f151e90 3274       4       jdk.internal.misc.Unsafe::weakCompareAndSetLong (11 bytes)
Event: 79.677 Thread 0x000001e62f152dc0 3275       3       java.util.LinkedList$DescendingIterator::next (8 bytes)
Event: 79.677 Thread 0x000001e62f152dc0 nmethod 3275 0x000001e6356c4790 code [0x000001e6356c4940, 0x000001e6356c4aa8]
Event: 79.677 Thread 0x000001e62f152dc0 3276       3       java.util.LinkedList$ListItr::previous (70 bytes)
Event: 79.678 Thread 0x000001e62f151e90 nmethod 3274 0x000001e63c6f2f10 code [0x000001e63c6f3080, 0x000001e63c6f3118]
Event: 79.678 Thread 0x000001e62f152dc0 nmethod 3276 0x000001e6356c4b90 code [0x000001e6356c4d80, 0x000001e6356c5298]
Event: 79.679 Thread 0x000001e62f152dc0 3277       3       com.google.common.collect.Hashing::closedTableSize (37 bytes)
Event: 79.679 Thread 0x000001e62f152dc0 nmethod 3277 0x000001e6356c5490 code [0x000001e6356c5660, 0x000001e6356c59a8]
Event: 79.681 Thread 0x000001e62f151e90 3278       4       org.openqa.selenium.json.JsonInput::readString (100 bytes)
Event: 79.726 Thread 0x000001e62f152dc0 3280   !   3       jdk.internal.net.http.HttpClientImpl$SelectorAttachment::register (142 bytes)

GC Heap History (16 events):
Event: 1.327 GC heap before
{Heap before GC invocations=0 (full 0):
 garbage-first heap   total 61440K, used 13312K [0x00000000c4000000, 0x0000000100000000)
  region size 1024K, 13 young (13312K), 0 survivors (0K)
 Metaspace       used 12601K, committed 12736K, reserved 1064960K
  class space    used 1197K, committed 1280K, reserved 1048576K
}
Event: 1.331 GC heap after
{Heap after GC invocations=1 (full 0):
 garbage-first heap   total 61440K, used 3838K [0x00000000c4000000, 0x0000000100000000)
  region size 1024K, 2 young (2048K), 2 survivors (2048K)
 Metaspace       used 12601K, committed 12736K, reserved 1064960K
  class space    used 1197K, committed 1280K, reserved 1048576K
}
Event: 1.809 GC heap before
{Heap before GC invocations=1 (full 0):
 garbage-first heap   total 61440K, used 17150K [0x00000000c4000000, 0x0000000100000000)
  region size 1024K, 15 young (15360K), 2 survivors (2048K)
 Metaspace       used 16969K, committed 17216K, reserved 1064960K
  class space    used 1804K, committed 1920K, reserved 1048576K
}
Event: 1.812 GC heap after
{Heap after GC invocations=2 (full 0):
 garbage-first heap   total 61440K, used 5202K [0x00000000c4000000, 0x0000000100000000)
  region size 1024K, 2 young (2048K), 2 survivors (2048K)
 Metaspace       used 16969K, committed 17216K, reserved 1064960K
  class space    used 1804K, committed 1920K, reserved 1048576K
}
Event: 11.480 GC heap before
{Heap before GC invocations=2 (full 0):
 garbage-first heap   total 61440K, used 18514K [0x00000000c4000000, 0x0000000100000000)
  region size 1024K, 16 young (16384K), 2 survivors (2048K)
 Metaspace       used 21277K, committed 21504K, reserved 1073152K
  class space    used 2415K, committed 2496K, reserved 1048576K
}
Event: 11.489 GC heap after
{Heap after GC invocations=3 (full 0):
 garbage-first heap   total 61440K, used 6475K [0x00000000c4000000, 0x0000000100000000)
  region size 1024K, 3 young (3072K), 3 survivors (3072K)
 Metaspace       used 21277K, committed 21504K, reserved 1073152K
  class space    used 2415K, committed 2496K, reserved 1048576K
}
Event: 12.506 GC heap before
{Heap before GC invocations=4 (full 0):
 garbage-first heap   total 27648K, used 19787K [0x00000000c4000000, 0x0000000100000000)
  region size 1024K, 16 young (16384K), 3 survivors (3072K)
 Metaspace       used 25357K, committed 25664K, reserved 1073152K
  class space    used 2906K, committed 3072K, reserved 1048576K
}
Event: 12.510 GC heap after
{Heap after GC invocations=5 (full 0):
 garbage-first heap   total 27648K, used 8414K [0x00000000c4000000, 0x0000000100000000)
  region size 1024K, 2 young (2048K), 2 survivors (2048K)
 Metaspace       used 25357K, committed 25664K, reserved 1073152K
  class space    used 2906K, committed 3072K, reserved 1048576K
}
Event: 12.535 GC heap before
{Heap before GC invocations=5 (full 0):
 garbage-first heap   total 27648K, used 9438K [0x00000000c4000000, 0x0000000100000000)
  region size 1024K, 3 young (3072K), 2 survivors (2048K)
 Metaspace       used 25633K, committed 25920K, reserved 1073152K
  class space    used 2942K, committed 3072K, reserved 1048576K
}
Event: 12.538 GC heap after
{Heap after GC invocations=6 (full 0):
 garbage-first heap   total 27648K, used 8601K [0x00000000c4000000, 0x0000000100000000)
  region size 1024K, 1 young (1024K), 1 survivors (1024K)
 Metaspace       used 25633K, committed 25920K, reserved 1073152K
  class space    used 2942K, committed 3072K, reserved 1048576K
}
Event: 19.484 GC heap before
{Heap before GC invocations=6 (full 0):
 garbage-first heap   total 27648K, used 16793K [0x00000000c4000000, 0x0000000100000000)
  region size 1024K, 10 young (10240K), 1 survivors (1024K)
 Metaspace       used 27866K, committed 28160K, reserved 1081344K
  class space    used 3257K, committed 3392K, reserved 1048576K
}
Event: 19.486 GC heap after
{Heap after GC invocations=7 (full 0):
 garbage-first heap   total 27648K, used 8888K [0x00000000c4000000, 0x0000000100000000)
  region size 1024K, 1 young (1024K), 1 survivors (1024K)
 Metaspace       used 27866K, committed 28160K, reserved 1081344K
  class space    used 3257K, committed 3392K, reserved 1048576K
}
Event: 38.180 GC heap before
{Heap before GC invocations=7 (full 0):
 garbage-first heap   total 27648K, used 18104K [0x00000000c4000000, 0x0000000100000000)
  region size 1024K, 10 young (10240K), 1 survivors (1024K)
 Metaspace       used 29111K, committed 29440K, reserved 1081344K
  class space    used 3372K, committed 3520K, reserved 1048576K
}
Event: 38.184 GC heap after
{Heap after GC invocations=8 (full 0):
 garbage-first heap   total 27648K, used 9836K [0x00000000c4000000, 0x0000000100000000)
  region size 1024K, 2 young (2048K), 2 survivors (2048K)
 Metaspace       used 29111K, committed 29440K, reserved 1081344K
  class space    used 3372K, committed 3520K, reserved 1048576K
}
Event: 71.834 GC heap before
{Heap before GC invocations=8 (full 0):
 garbage-first heap   total 27648K, used 18028K [0x00000000c4000000, 0x0000000100000000)
  region size 1024K, 11 young (11264K), 2 survivors (2048K)
 Metaspace       used 29499K, committed 29824K, reserved 1081344K
  class space    used 3393K, committed 3520K, reserved 1048576K
}
Event: 71.864 GC heap after
{Heap after GC invocations=9 (full 0):
 garbage-first heap   total 27648K, used 10297K [0x00000000c4000000, 0x0000000100000000)
  region size 1024K, 1 young (1024K), 1 survivors (1024K)
 Metaspace       used 29499K, committed 29824K, reserved 1081344K
  class space    used 3393K, committed 3520K, reserved 1048576K
}

Deoptimization events (20 events):
Event: 53.703 Thread 0x000001e6314740a0 DEOPT PACKING pc=0x000001e63c5d1adc sp=0x000000486bdfd340
Event: 53.703 Thread 0x000001e6314740a0 DEOPT UNPACKING pc=0x000001e634b45c23 sp=0x000000486bdfd2d0 mode 2
Event: 53.703 Thread 0x000001e6314740a0 Uncommon trap: trap_request=0xffffff45 fr.pc=0x000001e63c5dadf4 relative=0x0000000000000154
Event: 53.703 Thread 0x000001e6314740a0 Uncommon trap: reason=unstable_if action=reinterpret pc=0x000001e63c5dadf4 method=java.lang.AbstractStringBuilder.putStringAt(ILjava/lang/String;II)V @ 8 c2
Event: 53.703 Thread 0x000001e6314740a0 DEOPT PACKING pc=0x000001e63c5dadf4 sp=0x000000486bdfd460
Event: 53.703 Thread 0x000001e6314740a0 DEOPT UNPACKING pc=0x000001e634b45c23 sp=0x000000486bdfd3a8 mode 2
Event: 53.703 Thread 0x000001e6314740a0 Uncommon trap: trap_request=0xffffff45 fr.pc=0x000001e63c5f9438 relative=0x0000000000000418
Event: 53.703 Thread 0x000001e6314740a0 Uncommon trap: reason=unstable_if action=reinterpret pc=0x000001e63c5f9438 method=java.lang.AbstractStringBuilder.isLatin1()Z @ 10 c2
Event: 53.703 Thread 0x000001e6314740a0 DEOPT PACKING pc=0x000001e63c5f9438 sp=0x000000486bdfd530
Event: 53.703 Thread 0x000001e6314740a0 DEOPT UNPACKING pc=0x000001e634b45c23 sp=0x000000486bdfd4b0 mode 2
Event: 53.703 Thread 0x000001e6314740a0 Uncommon trap: trap_request=0xffffff45 fr.pc=0x000001e63c6c69e8 relative=0x00000000000002c8
Event: 53.703 Thread 0x000001e6314740a0 Uncommon trap: reason=unstable_if action=reinterpret pc=0x000001e63c6c69e8 method=java.lang.String.getChars(II[CI)V @ 23 c2
Event: 53.703 Thread 0x000001e6314740a0 DEOPT PACKING pc=0x000001e63c6c69e8 sp=0x000000486bdfd390
Event: 53.703 Thread 0x000001e6314740a0 DEOPT UNPACKING pc=0x000001e634b45c23 sp=0x000000486bdfd328 mode 2
Event: 59.758 Thread 0x000001e6314740a0 DEOPT PACKING pc=0x000001e6352f1cee sp=0x000000486bdfd080
Event: 59.758 Thread 0x000001e6314740a0 DEOPT UNPACKING pc=0x000001e634b46763 sp=0x000000486bdfc4d8 mode 0
Event: 74.978 Thread 0x000001e6491cf710 Uncommon trap: trap_request=0xffffff54 fr.pc=0x000001e63c65a4a4 relative=0x0000000000001104
Event: 74.978 Thread 0x000001e6491cf710 Uncommon trap: reason=speculate_null_assert action=make_not_entrant pc=0x000001e63c65a4a4 method=java.lang.invoke.MethodType$ConcurrentWeakInternSet.add(Ljava/lang/Object;)Ljava/lang/Object; @ 47 c2
Event: 74.978 Thread 0x000001e6491cf710 DEOPT PACKING pc=0x000001e63c65a4a4 sp=0x000000486f4fe1a0
Event: 74.978 Thread 0x000001e6491cf710 DEOPT UNPACKING pc=0x000001e634b45c23 sp=0x000000486f4fe138 mode 2

Classes unloaded (0 events):
No events

Classes redefined (0 events):
No events

Internal exceptions (20 events):
Event: 59.759 Thread 0x000001e6314740a0 Exception <a 'java/net/SocketException'{0x00000000c5528a38}: Socket is not connected: shutdown> (0x00000000c5528a38) 
thrown [s\src\hotspot\share\prims\jni.cpp, line 535]
Event: 60.379 Thread 0x000001e6491d0f20 Exception <a 'sun/net/ConnectionResetException'{0x00000000c7b09630}: Connection reset> (0x00000000c7b09630) 
thrown [s\src\hotspot\share\prims\jni.cpp, line 535]
Event: 61.337 Thread 0x000001e64a19aae0 Exception <a 'java/net/ConnectException'{0x00000000c56ce3f8}: Connection refused: no further information> (0x00000000c56ce3f8) 
thrown [s\src\hotspot\share\prims\jni.cpp, line 535]
Event: 61.337 Thread 0x000001e64a19aae0 Exception <a 'java/net/SocketException'{0x00000000c56ce730}: Socket is not connected: shutdown> (0x00000000c56ce730) 
thrown [s\src\hotspot\share\prims\jni.cpp, line 535]
Event: 61.349 Thread 0x000001e64a19aae0 Exception <a 'java/net/ConnectException'{0x00000000c56cf708}: Connection refused: no further information> (0x00000000c56cf708) 
thrown [s\src\hotspot\share\prims\jni.cpp, line 535]
Event: 61.349 Thread 0x000001e64a19aae0 Exception <a 'java/net/SocketException'{0x00000000c56cfa40}: Socket is not connected: shutdown> (0x00000000c56cfa40) 
thrown [s\src\hotspot\share\prims\jni.cpp, line 535]
Event: 61.381 Thread 0x000001e64a19aae0 Exception <a 'java/net/ConnectException'{0x00000000c56d0a18}: Connection refused: no further information> (0x00000000c56d0a18) 
thrown [s\src\hotspot\share\prims\jni.cpp, line 535]
Event: 61.381 Thread 0x000001e64a19aae0 Exception <a 'java/net/SocketException'{0x00000000c56d0d50}: Socket is not connected: shutdown> (0x00000000c56d0d50) 
thrown [s\src\hotspot\share\prims\jni.cpp, line 535]
Event: 61.428 Thread 0x000001e64a19aae0 Exception <a 'java/net/ConnectException'{0x00000000c55756e0}: Connection refused: no further information> (0x00000000c55756e0) 
thrown [s\src\hotspot\share\prims\jni.cpp, line 535]
Event: 61.428 Thread 0x000001e64a19aae0 Exception <a 'java/net/SocketException'{0x00000000c5575a18}: Socket is not connected: shutdown> (0x00000000c5575a18) 
thrown [s\src\hotspot\share\prims\jni.cpp, line 535]
Event: 71.936 Thread 0x000001e6314740a0 Exception <a 'java/lang/reflect/InvocationTargetException'{0x00000000c7b56ef0}> (0x00000000c7b56ef0) 
thrown [s\src\hotspot\share\runtime\reflection.cpp, line 1121]
Event: 71.938 Thread 0x000001e6314740a0 Exception <a 'java/lang/reflect/InvocationTargetException'{0x00000000c7b779f0}> (0x00000000c7b779f0) 
thrown [s\src\hotspot\share\runtime\reflection.cpp, line 1121]
Event: 71.949 Thread 0x000001e6314740a0 Exception <a 'java/net/SocketException'{0x00000000c7bda9e8}: Socket is not connected: shutdown> (0x00000000c7bda9e8) 
thrown [s\src\hotspot\share\prims\jni.cpp, line 535]
Event: 71.949 Thread 0x000001e6314740a0 Exception <a 'java/net/SocketException'{0x00000000c7bdb250}: Socket is not connected: shutdown> (0x00000000c7bdb250) 
thrown [s\src\hotspot\share\prims\jni.cpp, line 535]
Event: 73.106 Thread 0x000001e64a19aae0 Exception <a 'java/net/ConnectException'{0x00000000c6d2bef8}: Connection refused: no further information> (0x00000000c6d2bef8) 
thrown [s\src\hotspot\share\prims\jni.cpp, line 535]
Event: 73.106 Thread 0x000001e64a19aae0 Exception <a 'java/net/SocketException'{0x00000000c6d2c230}: Socket is not connected: shutdown> (0x00000000c6d2c230) 
thrown [s\src\hotspot\share\prims\jni.cpp, line 535]
Event: 73.124 Thread 0x000001e64a19aae0 Exception <a 'java/net/ConnectException'{0x00000000c6d2d208}: Connection refused: no further information> (0x00000000c6d2d208) 
thrown [s\src\hotspot\share\prims\jni.cpp, line 535]
Event: 73.124 Thread 0x000001e64a19aae0 Exception <a 'java/net/SocketException'{0x00000000c6d2d540}: Socket is not connected: shutdown> (0x00000000c6d2d540) 
thrown [s\src\hotspot\share\prims\jni.cpp, line 535]
Event: 73.157 Thread 0x000001e64a19aae0 Exception <a 'java/net/ConnectException'{0x00000000c6d2e518}: Connection refused: no further information> (0x00000000c6d2e518) 
thrown [s\src\hotspot\share\prims\jni.cpp, line 535]
Event: 73.158 Thread 0x000001e64a19aae0 Exception <a 'java/net/SocketException'{0x00000000c6d2e850}: Socket is not connected: shutdown> (0x00000000c6d2e850) 
thrown [s\src\hotspot\share\prims\jni.cpp, line 535]

VM Operations (20 events):
Event: 56.317 Executing VM operation: Cleanup
Event: 56.317 Executing VM operation: Cleanup done
Event: 60.352 Executing VM operation: Cleanup
Event: 60.352 Executing VM operation: Cleanup done
Event: 61.364 Executing VM operation: Cleanup
Event: 61.364 Executing VM operation: Cleanup done
Event: 62.379 Executing VM operation: Cleanup
Event: 62.379 Executing VM operation: Cleanup done
Event: 68.406 Executing VM operation: Cleanup
Event: 68.407 Executing VM operation: Cleanup done
Event: 70.419 Executing VM operation: Cleanup
Event: 70.419 Executing VM operation: Cleanup done
Event: 71.427 Executing VM operation: Cleanup
Event: 71.474 Executing VM operation: Cleanup done
Event: 71.799 Executing VM operation: G1CollectForAllocation
Event: 71.864 Executing VM operation: G1CollectForAllocation done
Event: 72.869 Executing VM operation: Cleanup
Event: 72.870 Executing VM operation: Cleanup done
Event: 73.870 Executing VM operation: Cleanup
Event: 73.870 Executing VM operation: Cleanup done

Events (20 events):
Event: 73.205 Thread 0x000001e649a1d790 Thread added: 0x000001e649a1d790
Event: 73.214 Thread 0x000001e649a1fe10 Thread added: 0x000001e649a1fe10
Event: 73.216 Thread 0x000001e649a19430 Thread added: 0x000001e649a19430
Event: 73.217 Thread 0x000001e649a1b5e0 Thread added: 0x000001e649a1b5e0
Event: 74.446 loading class java/util/LinkedList$LLSpliterator
Event: 74.977 loading class java/util/LinkedList$LLSpliterator done
Event: 74.978 loading class java/util/IdentityHashMap$KeyIterator
Event: 75.062 loading class java/util/IdentityHashMap$IdentityHashMapIterator
Event: 75.342 loading class java/util/IdentityHashMap$IdentityHashMapIterator done
Event: 75.342 loading class java/util/IdentityHashMap$KeyIterator done
Event: 75.342 Thread 0x000001e6491cf710 Thread exited: 0x000001e6491cf710
Event: 75.342 Thread 0x000001e6491ccbc0 Thread exited: 0x000001e6491ccbc0
Event: 78.215 Thread 0x000001e649a1d790 Thread exited: 0x000001e649a1d790
Event: 79.474 Thread 0x000001e649cb56c0 Thread exited: 0x000001e649cb56c0
Event: 79.474 Thread 0x000001e649cb9080 Thread exited: 0x000001e649cb9080
Event: 79.488 Thread 0x000001e649cb7d40 Thread exited: 0x000001e649cb7d40
Event: 79.643 Thread 0x000001e649a1d790 Thread added: 0x000001e649a1d790
Event: 79.644 Thread 0x000001e649a1a2a0 Thread added: 0x000001e649a1a2a0
Event: 79.646 Thread 0x000001e649a1bab0 Thread added: 0x000001e649a1bab0
Event: 79.721 Thread 0x000001e6491ced70 Thread added: 0x000001e6491ced70


Dynamic libraries:
0x00007ff6f3570000 - 0x00007ff6f357e000 	D:\eclipse\eclipse\plugins\org.eclipse.justj.openjdk.hotspot.jre.full.win32.x86_64_17.0.4.v20220903-1038\jre\bin\javaw.exe
0x00007ffbb25d0000 - 0x00007ffbb27e7000 	C:\WINDOWS\SYSTEM32\ntdll.dll
0x00007ffbb2030000 - 0x00007ffbb20f4000 	C:\WINDOWS\System32\KERNEL32.DLL
0x00007ffbaf9b0000 - 0x00007ffbafd56000 	C:\WINDOWS\System32\KERNELBASE.dll
0x00007ffbb0020000 - 0x00007ffbb0131000 	C:\WINDOWS\System32\ucrtbase.dll
0x00007ffba7ab0000 - 0x00007ffba7ac8000 	D:\eclipse\eclipse\plugins\org.eclipse.justj.openjdk.hotspot.jre.full.win32.x86_64_17.0.4.v20220903-1038\jre\bin\jli.dll
0x00007ffbb1c80000 - 0x00007ffbb1e2e000 	C:\WINDOWS\System32\USER32.dll
0x00007ffbafd60000 - 0x00007ffbafd86000 	C:\WINDOWS\System32\win32u.dll
0x00007ffbb1980000 - 0x00007ffbb19a9000 	C:\WINDOWS\System32\GDI32.dll
0x00007ffbb0200000 - 0x00007ffbb0318000 	C:\WINDOWS\System32\gdi32full.dll
0x00007ffbaff80000 - 0x00007ffbb001a000 	C:\WINDOWS\System32\msvcp_win.dll
0x00007ffba6d70000 - 0x00007ffba6d89000 	D:\eclipse\eclipse\plugins\org.eclipse.justj.openjdk.hotspot.jre.full.win32.x86_64_17.0.4.v20220903-1038\jre\bin\VCRUNTIME140.dll
0x00007ffb98830000 - 0x00007ffb98ac3000 	C:\WINDOWS\WinSxS\amd64_microsoft.windows.common-controls_6595b64144ccf1df_6.0.22621.2506_none_270c5ae97388e100\COMCTL32.dll
0x00007ffbb0ee0000 - 0x00007ffbb0f87000 	C:\WINDOWS\System32\msvcrt.dll
0x00007ffbb05f0000 - 0x00007ffbb0621000 	C:\WINDOWS\System32\IMM32.DLL
0x00007ffb94f40000 - 0x00007ffb950a3000 	C:\Program Files (x86)\Citrix\ICA Client\epclient64.dll
0x00007ffbb2200000 - 0x00007ffbb2589000 	C:\WINDOWS\System32\combase.dll
0x00007ffbb04d0000 - 0x00007ffbb05e7000 	C:\WINDOWS\System32\RPCRT4.dll
0x00007ffb9b390000 - 0x00007ffb9b39a000 	C:\WINDOWS\SYSTEM32\VERSION.dll
0x00007ffbaf2f0000 - 0x00007ffbaf318000 	C:\WINDOWS\SYSTEM32\bcrypt.dll
0x00007ffbb0640000 - 0x00007ffbb06f1000 	C:\WINDOWS\System32\ADVAPI32.dll
0x00007ffbb1bd0000 - 0x00007ffbb1c75000 	C:\WINDOWS\System32\sechost.dll
0x00007ffbae960000 - 0x00007ffbae994000 	C:\WINDOWS\SYSTEM32\ntmarta.dll
0x000001e630af0000 - 0x000001e630b6a000 	C:\WINDOWS\System32\bcryptprimitives.dll
0x00007ffbae940000 - 0x00007ffbae958000 	C:\WINDOWS\SYSTEM32\kernel.appcore.dll
0x00007ffbaa830000 - 0x00007ffbaa83c000 	D:\eclipse\eclipse\plugins\org.eclipse.justj.openjdk.hotspot.jre.full.win32.x86_64_17.0.4.v20220903-1038\jre\bin\vcruntime140_1.dll
0x00007ffb8f480000 - 0x00007ffb8f511000 	D:\eclipse\eclipse\plugins\org.eclipse.justj.openjdk.hotspot.jre.full.win32.x86_64_17.0.4.v20220903-1038\jre\bin\msvcp140.dll
0x00007ffb66d50000 - 0x00007ffb67996000 	D:\eclipse\eclipse\plugins\org.eclipse.justj.openjdk.hotspot.jre.full.win32.x86_64_17.0.4.v20220903-1038\jre\bin\server\jvm.dll
0x00007ffbb0630000 - 0x00007ffbb0638000 	C:\WINDOWS\System32\PSAPI.DLL
0x00007ffbaa7d0000 - 0x00007ffbaa7d9000 	C:\WINDOWS\SYSTEM32\WSOCK32.dll
0x000001e630b80000 - 0x000001e630bf1000 	C:\WINDOWS\System32\WS2_32.dll
0x00007ffba78c0000 - 0x00007ffba78f4000 	C:\WINDOWS\SYSTEM32\WINMM.dll
0x00007ffb917c0000 - 0x00007ffb917ca000 	D:\eclipse\eclipse\plugins\org.eclipse.justj.openjdk.hotspot.jre.full.win32.x86_64_17.0.4.v20220903-1038\jre\bin\jimage.dll
0x00007ffbad260000 - 0x00007ffbad493000 	C:\WINDOWS\SYSTEM32\DBGHELP.DLL
0x00007ffbb18a0000 - 0x00007ffbb1977000 	C:\WINDOWS\System32\OLEAUT32.dll
0x00007ffb98090000 - 0x00007ffb980c2000 	C:\WINDOWS\SYSTEM32\dbgcore.DLL
0x00007ffb788c0000 - 0x00007ffb788e5000 	D:\eclipse\eclipse\plugins\org.eclipse.justj.openjdk.hotspot.jre.full.win32.x86_64_17.0.4.v20220903-1038\jre\bin\java.dll
0x00007ffb83530000 - 0x00007ffb83548000 	D:\eclipse\eclipse\plugins\org.eclipse.justj.openjdk.hotspot.jre.full.win32.x86_64_17.0.4.v20220903-1038\jre\bin\zip.dll
0x00007ffbb1040000 - 0x00007ffbb189a000 	C:\WINDOWS\System32\SHELL32.dll
0x00007ffbad860000 - 0x00007ffbae156000 	C:\WINDOWS\SYSTEM32\windows.storage.dll
0x00007ffbad720000 - 0x00007ffbad85e000 	C:\WINDOWS\SYSTEM32\wintypes.dll
0x00007ffbb03d0000 - 0x00007ffbb04c3000 	C:\WINDOWS\System32\SHCORE.dll
0x000001e631390000 - 0x000001e6313ee000 	C:\WINDOWS\System32\shlwapi.dll
0x00007ffbaf870000 - 0x00007ffbaf896000 	C:\WINDOWS\SYSTEM32\profapi.dll
0x00007ffb82f80000 - 0x00007ffb82f99000 	D:\eclipse\eclipse\plugins\org.eclipse.justj.openjdk.hotspot.jre.full.win32.x86_64_17.0.4.v20220903-1038\jre\bin\net.dll
0x00007ffba81b0000 - 0x00007ffba82e7000 	C:\WINDOWS\SYSTEM32\WINHTTP.dll
0x00007ffbaee30000 - 0x00007ffbaee99000 	C:\WINDOWS\system32\mswsock.dll
0x00007ffb82f20000 - 0x00007ffb82f35000 	D:\eclipse\eclipse\plugins\org.eclipse.justj.openjdk.hotspot.jre.full.win32.x86_64_17.0.4.v20220903-1038\jre\bin\nio.dll
0x00007ffbae3e0000 - 0x00007ffbae4d9000 	C:\WINDOWS\SYSTEM32\DNSAPI.dll
0x00007ffbae3b0000 - 0x00007ffbae3dd000 	C:\WINDOWS\SYSTEM32\IPHLPAPI.DLL
0x00007ffbb1bc0000 - 0x00007ffbb1bc9000 	C:\WINDOWS\System32\NSI.dll
0x00007ffba7170000 - 0x00007ffba717a000 	C:\Windows\System32\rasadhlp.dll
0x00007ffba7220000 - 0x00007ffba72a3000 	C:\WINDOWS\System32\fwpuclnt.dll
0x00007ffbaf090000 - 0x00007ffbaf0ab000 	C:\WINDOWS\SYSTEM32\CRYPTSP.dll
0x00007ffbae8a0000 - 0x00007ffbae8d5000 	C:\WINDOWS\system32\rsaenh.dll
0x00007ffbaef20000 - 0x00007ffbaef4c000 	C:\WINDOWS\SYSTEM32\USERENV.dll
0x00007ffbaf0b0000 - 0x00007ffbaf0bc000 	C:\WINDOWS\SYSTEM32\CRYPTBASE.dll
0x00007ffba7ee0000 - 0x00007ffba7ef9000 	C:\WINDOWS\SYSTEM32\dhcpcsvc6.DLL
0x00007ffba7e10000 - 0x00007ffba7e2f000 	C:\WINDOWS\SYSTEM32\dhcpcsvc.DLL
0x00007ffb8a020000 - 0x00007ffb8a030000 	D:\eclipse\eclipse\plugins\org.eclipse.justj.openjdk.hotspot.jre.full.win32.x86_64_17.0.4.v20220903-1038\jre\bin\verify.dll
0x00007ffbac8a0000 - 0x00007ffbac937000 	C:\WINDOWS\system32\apphelp.dll
0x00007ffb89d00000 - 0x00007ffb89d0e000 	D:\eclipse\eclipse\plugins\org.eclipse.justj.openjdk.hotspot.jre.full.win32.x86_64_17.0.4.v20220903-1038\jre\bin\sunmscapi.dll
0x000001e64ce30000 - 0x000001e64cf96000 	C:\WINDOWS\System32\CRYPT32.dll
0x00007ffbaf2c0000 - 0x00007ffbaf2ed000 	C:\WINDOWS\SYSTEM32\ncrypt.dll
0x00007ffbaf280000 - 0x00007ffbaf2b7000 	C:\WINDOWS\SYSTEM32\NTASN1.dll
0x00007ffb9cc20000 - 0x00007ffb9cc28000 	C:\WINDOWS\system32\wshunix.dll
0x00007ffb95380000 - 0x00007ffb95397000 	C:\WINDOWS\system32\napinsp.dll
0x00007ffb95360000 - 0x00007ffb9537b000 	C:\WINDOWS\system32\pnrpnsp.dll
0x00007ffb95340000 - 0x00007ffb95351000 	C:\WINDOWS\System32\winrnr.dll
0x00007ffb95320000 - 0x00007ffb95335000 	C:\WINDOWS\system32\wshbth.dll
0x00007ffb952f0000 - 0x00007ffb95311000 	C:\WINDOWS\system32\nlansp_c.dll

dbghelp: loaded successfully - version: 4.0.5 - missing functions: none
symbol engine: initialized successfully - sym options: 0x614 - pdb path: .;D:\eclipse\eclipse\plugins\org.eclipse.justj.openjdk.hotspot.jre.full.win32.x86_64_17.0.4.v20220903-1038\jre\bin;C:\WINDOWS\SYSTEM32;C:\WINDOWS\WinSxS\amd64_microsoft.windows.common-controls_6595b64144ccf1df_6.0.22621.2506_none_270c5ae97388e100;C:\Program Files (x86)\Citrix\ICA Client;D:\eclipse\eclipse\plugins\org.eclipse.justj.openjdk.hotspot.jre.full.win32.x86_64_17.0.4.v20220903-1038\jre\bin\server

VM Arguments:
jvm_args: -ea -Dfile.encoding=UTF-8 -XX:+ShowCodeDetailsInExceptionMessages 
java_command: org.testng.remote.RemoteTestNG -serport 49975 -protocol json -d D:\Selenium_2023\CertificateUI\test-output C:\Users\priya\AppData\Local\Temp\testng-eclipse--866409299\testng-customsuite.xml
java_class_path (initial): D:\eclipse\eclipse\configuration\org.eclipse.osgi\440\0\.cp\lib\testng-remote.jar;D:\Selenium_2023\CertificateUI\target\test-classes;D:\Selenium_2023\CertificateUI\target\classes;C:\Users\priya\.m2\repository\io\cucumber\cucumber-java\7.15.0\cucumber-java-7.15.0.jar;C:\Users\priya\.m2\repository\io\cucumber\cucumber-core\7.15.0\cucumber-core-7.15.0.jar;C:\Users\priya\.m2\repository\io\cucumber\cucumber-gherkin\7.15.0\cucumber-gherkin-7.15.0.jar;C:\Users\priya\.m2\repository\io\cucumber\cucumber-gherkin-messages\7.15.0\cucumber-gherkin-messages-7.15.0.jar;C:\Users\priya\.m2\repository\io\cucumber\gherkin\26.2.0\gherkin-26.2.0.jar;C:\Users\priya\.m2\repository\io\cucumber\messages\22.0.0\messages-22.0.0.jar;C:\Users\priya\.m2\repository\io\cucumber\tag-expressions\6.0.0\tag-expressions-6.0.0.jar;C:\Users\priya\.m2\repository\io\cucumber\cucumber-expressions\17.0.1\cucumber-expressions-17.0.1.jar;C:\Users\priya\.m2\repository\io\cucumber\datatable\7.15.0\datatable-7.15.0.jar;C:\Users\priya\.m2\repository\io\cucumber\cucumber-plugin\7.15.0\cucumber-plugin-7.15.0.jar;C:\Users\priya\.m2\repository\io\cucumber\docstring\7.15.0\docstring-7.15.0.jar;C:\Users\priya\.m2\repository\io\cucumber\html-formatter\20.4.0\html-formatter-20.4.0.jar;C:\Users\priya\.m2\repository\io\cucumber\junit-xml-formatter\0.2.0\junit-xml-formatter-0.2.0.jar;C:\Users\priya\.m2\repository\io\cucumber\ci-environment\10.0.0\ci-environment-10.0.0.jar;C:\Users\priya\.m2\repository\org\apiguardian\apiguardian-api\1.1.2\apiguardian-api-1.1.2.jar;C:\Users\priya\.m2\repository\io\cucumber\cucumber-testng\7.14.0\cucumber-testng-7.14.0.jar;C:\Users\priya\.m2\repository\org\seleniumhq\selenium\selenium-java\4.14.1\selenium-java-4.14.1.jar;C:\Users\priya\.m2\repository\org\seleniumhq\selenium\selenium-api\4.14.1\selenium-api-4.14.1.jar;C:\Users\priya\.m2\repository\org\seleniumhq\selenium\selenium-chrome-driver\4.14.1\selenium-chrome-driver-4.14.1.jar;C:\Users\priya\.m2\repository\co
Launcher Type: SUN_STANDARD

[Global flags]
     intx CICompilerCount                          = 3                                         {product} {ergonomic}
     uint ConcGCThreads                            = 1                                         {product} {ergonomic}
     uint G1ConcRefinementThreads                  = 4                                         {product} {ergonomic}
   size_t G1HeapRegionSize                         = 1048576                                   {product} {ergonomic}
    uintx GCDrainStackTargetSize                   = 64                                        {product} {ergonomic}
   size_t InitialHeapSize                          = 62914560                                  {product} {ergonomic}
   size_t MarkStackSize                            = 4194304                                   {product} {ergonomic}
   size_t MaxHeapSize                              = 1006632960                                {product} {ergonomic}
   size_t MaxNewSize                               = 603979776                                 {product} {ergonomic}
   size_t MinHeapDeltaBytes                        = 1048576                                   {product} {ergonomic}
   size_t MinHeapSize                              = 8388608                                   {product} {ergonomic}
    uintx NonNMethodCodeHeapSize                   = 5832780                                {pd product} {ergonomic}
    uintx NonProfiledCodeHeapSize                  = 122912730                              {pd product} {ergonomic}
    uintx ProfiledCodeHeapSize                     = 122912730                              {pd product} {ergonomic}
    uintx ReservedCodeCacheSize                    = 251658240                              {pd product} {ergonomic}
     bool SegmentedCodeCache                       = true                                      {product} {ergonomic}
     bool ShowCodeDetailsInExceptionMessages       = true                                   {manageable} {command line}
   size_t SoftMaxHeapSize                          = 1006632960                             {manageable} {ergonomic}
     bool UseCompressedClassPointers               = true                           {product lp64_product} {ergonomic}
     bool UseCompressedOops                        = true                           {product lp64_product} {ergonomic}
     bool UseG1GC                                  = true                                      {product} {ergonomic}
     bool UseLargePagesIndividualAllocation        = false                                  {pd product} {ergonomic}

Logging:
Log output configuration:
 #0: stdout all=warning uptime,level,tags
 #1: stderr all=off uptime,level,tags

Environment Variables:
JAVA_HOME=C:\Program Files\Java\jdk-21
PATH=D:/eclipse/eclipse//plugins/org.eclipse.justj.openjdk.hotspot.jre.full.win32.x86_64_17.0.4.v20220903-1038/jre/bin/server;D:/eclipse/eclipse//plugins/org.eclipse.justj.openjdk.hotspot.jre.full.win32.x86_64_17.0.4.v20220903-1038/jre/bin;C:\Program Files\Common Files\Oracle\Java\javapath;C:\Program Files (x86)\Common Files\Oracle\Java\javapath;C:\WINDOWS\system32;C:\WINDOWS;C:\WINDOWS\System32\Wbem;C:\WINDOWS\System32\WindowsPowerShell\v1.0\;C:\WINDOWS\System32\OpenSSH\;C:\Program Files\Java\jdk-21\bin;C:\Program Files\apache-maven-3.9.5\bin;C:\Program Files\nodejs\;C:\Program Files\Git\bin;C:\Program Files\JetBrains\IntelliJ IDEA Community Edition 2022.3.2\jbr\bin;C:\Users\priya\AppData\Local\Microsoft\WindowsApps;C:\Users\priya\AppData\Local\GitHubDesktop\bin;C:\Users\priya\AppData\Roaming\npm;D:\eclipse\eclipse;
USERNAME=priya
OS=Windows_NT
PROCESSOR_IDENTIFIER=Intel64 Family 6 Model 140 Stepping 1, GenuineIntel
TMP=C:\Users\priya\AppData\Local\Temp
TEMP=C:\Users\priya\AppData\Local\Temp



---------------  S Y S T E M  ---------------

OS:
 Windows 11 , 64 bit Build 22621 (10.0.22621.2506)
OS uptime: 1 days 4:35 hours

CPU: total 4 (initial active 4) (2 cores per cpu, 2 threads per core) family 6 model 140 stepping 1 microcode 0x8a, cx8, cmov, fxsr, ht, mmx, 3dnowpref, sse, sse2, sse3, ssse3, sse4.1, sse4.2, popcnt, lzcnt, tsc, tscinvbit, avx, avx2, aes, erms, clmul, bmi1, bmi2, adx, avx512f, avx512dq, avx512cd, avx512bw, avx512vl, sha, fma, vzeroupper, avx512_vpopcntdq, avx512_vpclmulqdq, avx512_vaes, avx512_vnni, clflush, clflushopt, clwb, avx512_vbmi2, avx512_vbmi

Memory: 4k page, system-wide physical 3838M (132M free)
TotalPageFile size 12096M (AvailPageFile size 2M)
current process WorkingSet (physical memory assigned to process): 76M, peak: 118M
current process commit charge ("private bytes"): 146M, peak: 171M

vm_info: OpenJDK 64-Bit Server VM (17.0.4.1+1) for windows-amd64 JRE (17.0.4.1+1), built on Aug 17 2022 07:42:43 by "temurin" with MS VC++ 16.7 (VS2019)

END.
