#
# There is insufficient memory for the Java Runtime Environment to continue.
# Native memory allocation (malloc) failed to allocate 1635856 bytes for Chunk::new
# Possible reasons:
#   The system is out of physical RAM or swap space
#   The process is running with CompressedOops enabled, and the Java Heap may be blocking the growth of the native heap
# Possible solutions:
#   Reduce memory load on the system
#   Increase physical memory or swap space
#   Check if swap backing store is full
#   Decrease Java heap size (-Xmx/-Xms)
#   Decrease number of Java threads
#   Decrease Java thread stack sizes (-Xss)
#   Set larger code cache with -XX:ReservedCodeCacheSize=
#   JVM is running with Unscaled Compressed Oops mode in which the Java heap is
#     placed in the first 4GB address space. The Java Heap base address is the
#     maximum limit for the native heap growth. Please use -XX:HeapBaseMinAddress
#     to set the Java Heap base and to place the Java Heap above 4GB virtual address.
# This output file may be truncated or incomplete.
#
#  Out of Memory Error (arena.cpp:189), pid=1436, tid=18428
#
# JRE version: OpenJDK Runtime Environment Temurin-17.0.4.1+1 (17.0.4.1+1) (build 17.0.4.1+1)
# Java VM: OpenJDK 64-Bit Server VM Temurin-17.0.4.1+1 (17.0.4.1+1, mixed mode, tiered, compressed oops, compressed class ptrs, g1 gc, windows-amd64)
# No core dump will be written. Minidumps are not enabled by default on client versions of Windows
#

---------------  S U M M A R Y ------------

Command Line: -ea -Dfile.encoding=UTF-8 -XX:+ShowCodeDetailsInExceptionMessages org.testng.remote.RemoteTestNG -serport 60898 -protocol json -d D:\Selenium_2023\CertificateUI\test-output C:\Users\priya\AppData\Local\Temp\testng-eclipse-366638256\testng-customsuite.xml

Host: 11th Gen Intel(R) Core(TM) i3-1115G4 @ 3.00GHz, 4 cores, 3G,  Windows 11 , 64 bit Build 22621 (10.0.22621.2506)
Time: Tue Jan  2 17:47:53 2024 India Standard Time elapsed time: 5.554652 seconds (0d 0h 0m 5s)

---------------  T H R E A D  ---------------

Current thread (0x00000213ef69e3c0):  JavaThread "C2 CompilerThread0" daemon [_thread_in_native, id=18428, stack(0x0000008ee5000000,0x0000008ee5100000)]


Current CompileTask:
C2:   5554 1360       4       jdk.internal.org.objectweb.asm.Frame::execute (2305 bytes)

Stack: [0x0000008ee5000000,0x0000008ee5100000]
Native frames: (J=compiled Java code, j=interpreted, Vv=VM code, C=native code)
V  [jvm.dll+0x67731a]
V  [jvm.dll+0x832284]
V  [jvm.dll+0x833a2e]
V  [jvm.dll+0x834093]
V  [jvm.dll+0x245775]
V  [jvm.dll+0xabd7b]
V  [jvm.dll+0xac30c]
V  [jvm.dll+0x363a42]
V  [jvm.dll+0x32e011]
V  [jvm.dll+0x32d4ba]
V  [jvm.dll+0x218681]
V  [jvm.dll+0x217aa1]
V  [jvm.dll+0x1a3f8d]
V  [jvm.dll+0x227498]
V  [jvm.dll+0x2255e5]
V  [jvm.dll+0x7e7e9b]
V  [jvm.dll+0x7e240a]
V  [jvm.dll+0x6761a5]
C  [ucrtbase.dll+0x29363]
C  [KERNEL32.DLL+0x1257d]
C  [ntdll.dll+0x5aa58]


---------------  P R O C E S S  ---------------

Threads class SMR info:
_java_thread_list=0x00000213f070c400, length=14, elements={
0x00000213d87bc9c0, 0x00000213ef6868e0, 0x00000213ef689fa0, 0x00000213ef6a1570,
0x00000213ef6a1e30, 0x00000213ef6a26f0, 0x00000213ef6d4530, 0x00000213ef69e3c0,
0x00000213ef69f800, 0x00000213ef70a670, 0x00000213f0171440, 0x00000213f018aa00,
0x00000213f0a53cb0, 0x00000213ef69deb0
}

Java Threads: ( => current thread )
  0x00000213d87bc9c0 JavaThread "main" [_thread_in_Java, id=17908, stack(0x0000008ee4200000,0x0000008ee4300000)]
  0x00000213ef6868e0 JavaThread "Reference Handler" daemon [_thread_blocked, id=6476, stack(0x0000008ee4a00000,0x0000008ee4b00000)]
  0x00000213ef689fa0 JavaThread "Finalizer" daemon [_thread_blocked, id=17688, stack(0x0000008ee4b00000,0x0000008ee4c00000)]
  0x00000213ef6a1570 JavaThread "Signal Dispatcher" daemon [_thread_blocked, id=8548, stack(0x0000008ee4c00000,0x0000008ee4d00000)]
  0x00000213ef6a1e30 JavaThread "Attach Listener" daemon [_thread_blocked, id=7292, stack(0x0000008ee4d00000,0x0000008ee4e00000)]
  0x00000213ef6a26f0 JavaThread "Service Thread" daemon [_thread_blocked, id=10544, stack(0x0000008ee4e00000,0x0000008ee4f00000)]
  0x00000213ef6d4530 JavaThread "Monitor Deflation Thread" daemon [_thread_blocked, id=10468, stack(0x0000008ee4f00000,0x0000008ee5000000)]
=>0x00000213ef69e3c0 JavaThread "C2 CompilerThread0" daemon [_thread_in_native, id=18428, stack(0x0000008ee5000000,0x0000008ee5100000)]
  0x00000213ef69f800 JavaThread "C1 CompilerThread0" daemon [_thread_blocked, id=9344, stack(0x0000008ee5100000,0x0000008ee5200000)]
  0x00000213ef70a670 JavaThread "Sweeper thread" daemon [_thread_blocked, id=8516, stack(0x0000008ee5200000,0x0000008ee5300000)]
  0x00000213f0171440 JavaThread "Notification Thread" daemon [_thread_blocked, id=7064, stack(0x0000008ee5300000,0x0000008ee5400000)]
  0x00000213f018aa00 JavaThread "Common-Cleaner" daemon [_thread_blocked, id=12172, stack(0x0000008ee5500000,0x0000008ee5600000)]
  0x00000213f0a53cb0 JavaThread "ReaderThread" [_thread_in_native, id=1144, stack(0x0000008ee5700000,0x0000008ee5800000)]
  0x00000213ef69deb0 JavaThread "C2 CompilerThread1" daemon [_thread_blocked, id=15948, stack(0x0000008ee5b00000,0x0000008ee5c00000)]

Other Threads:
  0x00000213ef6b67a0 VMThread "VM Thread" [stack: 0x0000008ee4900000,0x0000008ee4a00000] [id=11756]
  0x00000213d64092a0 WatcherThread [stack: 0x0000008ee5400000,0x0000008ee5500000] [id=16780]
  0x00000213d87f3db0 GCTaskThread "GC Thread#0" [stack: 0x0000008ee4400000,0x0000008ee4500000] [id=13496]
  0x00000213f0b86940 GCTaskThread "GC Thread#1" [stack: 0x0000008ee5800000,0x0000008ee5900000] [id=18320]
  0x00000213f0b86bf0 GCTaskThread "GC Thread#2" [stack: 0x0000008ee5900000,0x0000008ee5a00000] [id=10924]
  0x00000213f0b47da0 GCTaskThread "GC Thread#3" [stack: 0x0000008ee5a00000,0x0000008ee5b00000] [id=13284]
  0x00000213d87fc300 ConcurrentGCThread "G1 Main Marker" [stack: 0x0000008ee4500000,0x0000008ee4600000] [id=11828]
  0x00000213d87fd690 ConcurrentGCThread "G1 Conc#0" [stack: 0x0000008ee4600000,0x0000008ee4700000] [id=17380]
  0x00000213d8839ea0 ConcurrentGCThread "G1 Refine#0" [stack: 0x0000008ee4700000,0x0000008ee4800000] [id=1808]
  0x00000213d883a6d0 ConcurrentGCThread "G1 Service" [stack: 0x0000008ee4800000,0x0000008ee4900000] [id=14316]

Threads with active compile tasks:
C2 CompilerThread0     5730 1360       4       jdk.internal.org.objectweb.asm.Frame::execute (2305 bytes)

VM state: not at safepoint (normal execution)

VM Mutex/Monitor currently owned by a thread: None

Heap address: 0x00000000c4000000, size: 960 MB, Compressed Oops mode: 32-bit

CDS archive(s) not mapped
Compressed class space mapped at: 0x0000000100000000-0x0000000140000000, reserved size: 1073741824
Narrow klass base: 0x0000000000000000, Narrow klass shift: 3, Narrow klass range: 0x140000000

GC Precious Log:
 CPUs: 4 total, 4 available
 Memory: 3838M
 Large Page Support: Disabled
 NUMA Support: Disabled
 Compressed Oops: Enabled (32-bit)
 Heap Region Size: 1M
 Heap Min Capacity: 8M
 Heap Initial Capacity: 60M
 Heap Max Capacity: 960M
 Pre-touch: Disabled
 Parallel Workers: 4
 Concurrent Workers: 1
 Concurrent Refinement Workers: 4
 Periodic GC: Disabled

Heap:
 garbage-first heap   total 61440K, used 10365K [0x00000000c4000000, 0x0000000100000000)
  region size 1024K, 8 young (8192K), 2 survivors (2048K)
 Metaspace       used 18149K, committed 18432K, reserved 1073152K
  class space    used 1981K, committed 2112K, reserved 1048576K

Heap Regions: E=young(eden), S=young(survivor), O=old, HS=humongous(starts), HC=humongous(continues), CS=collection set, F=free, OA=open archive, CA=closed archive, TAMS=top-at-mark-start (previous, next)
|   0|0x00000000c4000000, 0x00000000c4100000, 0x00000000c4100000|100%| O|  |TAMS 0x00000000c4000000, 0x00000000c4000000| Untracked 
|   1|0x00000000c4100000, 0x00000000c4200000, 0x00000000c4200000|100%| O|  |TAMS 0x00000000c4100000, 0x00000000c4100000| Untracked 
|   2|0x00000000c4200000, 0x00000000c4300000, 0x00000000c4300000|100%| O|  |TAMS 0x00000000c4200000, 0x00000000c4200000| Untracked 
|   3|0x00000000c4300000, 0x00000000c4400000, 0x00000000c4400000|100%| O|  |TAMS 0x00000000c4300000, 0x00000000c4300000| Untracked 
|   4|0x00000000c4400000, 0x00000000c4400000, 0x00000000c4500000|  0%| F|  |TAMS 0x00000000c4400000, 0x00000000c4400000| Untracked 
|   5|0x00000000c4500000, 0x00000000c4500000, 0x00000000c4600000|  0%| F|  |TAMS 0x00000000c4500000, 0x00000000c4500000| Untracked 
|   6|0x00000000c4600000, 0x00000000c4600000, 0x00000000c4700000|  0%| F|  |TAMS 0x00000000c4600000, 0x00000000c4600000| Untracked 
|   7|0x00000000c4700000, 0x00000000c4700000, 0x00000000c4800000|  0%| F|  |TAMS 0x00000000c4700000, 0x00000000c4700000| Untracked 
|   8|0x00000000c4800000, 0x00000000c4800000, 0x00000000c4900000|  0%| F|  |TAMS 0x00000000c4800000, 0x00000000c4800000| Untracked 
|   9|0x00000000c4900000, 0x00000000c4900000, 0x00000000c4a00000|  0%| F|  |TAMS 0x00000000c4900000, 0x00000000c4900000| Untracked 
|  10|0x00000000c4a00000, 0x00000000c4a00000, 0x00000000c4b00000|  0%| F|  |TAMS 0x00000000c4a00000, 0x00000000c4a00000| Untracked 
|  11|0x00000000c4b00000, 0x00000000c4b00000, 0x00000000c4c00000|  0%| F|  |TAMS 0x00000000c4b00000, 0x00000000c4b00000| Untracked 
|  12|0x00000000c4c00000, 0x00000000c4c00000, 0x00000000c4d00000|  0%| F|  |TAMS 0x00000000c4c00000, 0x00000000c4c00000| Untracked 
|  13|0x00000000c4d00000, 0x00000000c4d00000, 0x00000000c4e00000|  0%| F|  |TAMS 0x00000000c4d00000, 0x00000000c4d00000| Untracked 
|  14|0x00000000c4e00000, 0x00000000c4e00000, 0x00000000c4f00000|  0%| F|  |TAMS 0x00000000c4e00000, 0x00000000c4e00000| Untracked 
|  15|0x00000000c4f00000, 0x00000000c4f00000, 0x00000000c5000000|  0%| F|  |TAMS 0x00000000c4f00000, 0x00000000c4f00000| Untracked 
|  16|0x00000000c5000000, 0x00000000c5000000, 0x00000000c5100000|  0%| F|  |TAMS 0x00000000c5000000, 0x00000000c5000000| Untracked 
|  17|0x00000000c5100000, 0x00000000c5100000, 0x00000000c5200000|  0%| F|  |TAMS 0x00000000c5100000, 0x00000000c5100000| Untracked 
|  18|0x00000000c5200000, 0x00000000c5200000, 0x00000000c5300000|  0%| F|  |TAMS 0x00000000c5200000, 0x00000000c5200000| Untracked 
|  19|0x00000000c5300000, 0x00000000c5300000, 0x00000000c5400000|  0%| F|  |TAMS 0x00000000c5300000, 0x00000000c5300000| Untracked 
|  20|0x00000000c5400000, 0x00000000c5400000, 0x00000000c5500000|  0%| F|  |TAMS 0x00000000c5400000, 0x00000000c5400000| Untracked 
|  21|0x00000000c5500000, 0x00000000c5500000, 0x00000000c5600000|  0%| F|  |TAMS 0x00000000c5500000, 0x00000000c5500000| Untracked 
|  22|0x00000000c5600000, 0x00000000c5600000, 0x00000000c5700000|  0%| F|  |TAMS 0x00000000c5600000, 0x00000000c5600000| Untracked 
|  23|0x00000000c5700000, 0x00000000c5700000, 0x00000000c5800000|  0%| F|  |TAMS 0x00000000c5700000, 0x00000000c5700000| Untracked 
|  24|0x00000000c5800000, 0x00000000c5800000, 0x00000000c5900000|  0%| F|  |TAMS 0x00000000c5800000, 0x00000000c5800000| Untracked 
|  25|0x00000000c5900000, 0x00000000c5900000, 0x00000000c5a00000|  0%| F|  |TAMS 0x00000000c5900000, 0x00000000c5900000| Untracked 
|  26|0x00000000c5a00000, 0x00000000c5a00000, 0x00000000c5b00000|  0%| F|  |TAMS 0x00000000c5a00000, 0x00000000c5a00000| Untracked 
|  27|0x00000000c5b00000, 0x00000000c5b00000, 0x00000000c5c00000|  0%| F|  |TAMS 0x00000000c5b00000, 0x00000000c5b00000| Untracked 
|  28|0x00000000c5c00000, 0x00000000c5c00000, 0x00000000c5d00000|  0%| F|  |TAMS 0x00000000c5c00000, 0x00000000c5c00000| Untracked 
|  29|0x00000000c5d00000, 0x00000000c5d00000, 0x00000000c5e00000|  0%| F|  |TAMS 0x00000000c5d00000, 0x00000000c5d00000| Untracked 
|  30|0x00000000c5e00000, 0x00000000c5e00000, 0x00000000c5f00000|  0%| F|  |TAMS 0x00000000c5e00000, 0x00000000c5e00000| Untracked 
|  31|0x00000000c5f00000, 0x00000000c5f00000, 0x00000000c6000000|  0%| F|  |TAMS 0x00000000c5f00000, 0x00000000c5f00000| Untracked 
|  32|0x00000000c6000000, 0x00000000c6000000, 0x00000000c6100000|  0%| F|  |TAMS 0x00000000c6000000, 0x00000000c6000000| Untracked 
|  33|0x00000000c6100000, 0x00000000c6100000, 0x00000000c6200000|  0%| F|  |TAMS 0x00000000c6100000, 0x00000000c6100000| Untracked 
|  34|0x00000000c6200000, 0x00000000c6200000, 0x00000000c6300000|  0%| F|  |TAMS 0x00000000c6200000, 0x00000000c6200000| Untracked 
|  35|0x00000000c6300000, 0x00000000c6300000, 0x00000000c6400000|  0%| F|  |TAMS 0x00000000c6300000, 0x00000000c6300000| Untracked 
|  36|0x00000000c6400000, 0x00000000c6400000, 0x00000000c6500000|  0%| F|  |TAMS 0x00000000c6400000, 0x00000000c6400000| Untracked 
|  37|0x00000000c6500000, 0x00000000c6500000, 0x00000000c6600000|  0%| F|  |TAMS 0x00000000c6500000, 0x00000000c6500000| Untracked 
|  38|0x00000000c6600000, 0x00000000c6600000, 0x00000000c6700000|  0%| F|  |TAMS 0x00000000c6600000, 0x00000000c6600000| Untracked 
|  39|0x00000000c6700000, 0x00000000c6700000, 0x00000000c6800000|  0%| F|  |TAMS 0x00000000c6700000, 0x00000000c6700000| Untracked 
|  40|0x00000000c6800000, 0x00000000c6800000, 0x00000000c6900000|  0%| F|  |TAMS 0x00000000c6800000, 0x00000000c6800000| Untracked 
|  41|0x00000000c6900000, 0x00000000c6900000, 0x00000000c6a00000|  0%| F|  |TAMS 0x00000000c6900000, 0x00000000c6900000| Untracked 
|  42|0x00000000c6a00000, 0x00000000c6a00000, 0x00000000c6b00000|  0%| F|  |TAMS 0x00000000c6a00000, 0x00000000c6a00000| Untracked 
|  43|0x00000000c6b00000, 0x00000000c6b00000, 0x00000000c6c00000|  0%| F|  |TAMS 0x00000000c6b00000, 0x00000000c6b00000| Untracked 
|  44|0x00000000c6c00000, 0x00000000c6c1f530, 0x00000000c6d00000| 12%| S|CS|TAMS 0x00000000c6c00000, 0x00000000c6c00000| Complete 
|  45|0x00000000c6d00000, 0x00000000c6d00000, 0x00000000c6e00000|  0%| F|  |TAMS 0x00000000c6d00000, 0x00000000c6d00000| Untracked 
|  46|0x00000000c6e00000, 0x00000000c6e00000, 0x00000000c6f00000|  0%| F|  |TAMS 0x00000000c6e00000, 0x00000000c6e00000| Untracked 
|  47|0x00000000c6f00000, 0x00000000c7000000, 0x00000000c7000000|100%| S|CS|TAMS 0x00000000c6f00000, 0x00000000c6f00000| Complete 
|  48|0x00000000c7000000, 0x00000000c7000000, 0x00000000c7100000|  0%| F|  |TAMS 0x00000000c7000000, 0x00000000c7000000| Untracked 
|  49|0x00000000c7100000, 0x00000000c7100000, 0x00000000c7200000|  0%| F|  |TAMS 0x00000000c7100000, 0x00000000c7100000| Untracked 
|  50|0x00000000c7200000, 0x00000000c7200000, 0x00000000c7300000|  0%| F|  |TAMS 0x00000000c7200000, 0x00000000c7200000| Untracked 
|  51|0x00000000c7300000, 0x00000000c7300000, 0x00000000c7400000|  0%| F|  |TAMS 0x00000000c7300000, 0x00000000c7300000| Untracked 
|  52|0x00000000c7400000, 0x00000000c7400000, 0x00000000c7500000|  0%| F|  |TAMS 0x00000000c7400000, 0x00000000c7400000| Untracked 
|  53|0x00000000c7500000, 0x00000000c7500000, 0x00000000c7600000|  0%| F|  |TAMS 0x00000000c7500000, 0x00000000c7500000| Untracked 
|  54|0x00000000c7600000, 0x00000000c7673178, 0x00000000c7700000| 44%| E|  |TAMS 0x00000000c7600000, 0x00000000c7600000| Complete 
|  55|0x00000000c7700000, 0x00000000c7800000, 0x00000000c7800000|100%| E|CS|TAMS 0x00000000c7700000, 0x00000000c7700000| Complete 
|  56|0x00000000c7800000, 0x00000000c7900000, 0x00000000c7900000|100%| E|CS|TAMS 0x00000000c7800000, 0x00000000c7800000| Complete 
|  57|0x00000000c7900000, 0x00000000c7a00000, 0x00000000c7a00000|100%| E|CS|TAMS 0x00000000c7900000, 0x00000000c7900000| Complete 
|  58|0x00000000c7a00000, 0x00000000c7b00000, 0x00000000c7b00000|100%| E|CS|TAMS 0x00000000c7a00000, 0x00000000c7a00000| Complete 
|  59|0x00000000c7b00000, 0x00000000c7c00000, 0x00000000c7c00000|100%| E|CS|TAMS 0x00000000c7b00000, 0x00000000c7b00000| Complete 

Card table byte_map: [0x00000213eb020000,0x00000213eb200000] _byte_map_base: 0x00000213eaa00000

Marking Bits (Prev, Next): (CMBitMap*) 0x00000213d87f41d0, (CMBitMap*) 0x00000213d87f4210
 Prev Bits: [0x00000213eb3e0000, 0x00000213ec2e0000)
 Next Bits: [0x00000213ec2e0000, 0x00000213ed1e0000)

Polling page: 0x00000213d7f50000

Metaspace:

Usage:
  Non-class:     15.81 MB used.
      Class:      1.94 MB used.
       Both:     17.74 MB used.

Virtual space:
  Non-class space:       24.00 MB reserved,      15.94 MB ( 66%) committed,  3 nodes.
      Class space:        1.00 GB reserved,       2.06 MB ( <1%) committed,  1 nodes.
             Both:        1.02 GB reserved,      18.00 MB (  2%) committed. 

Chunk freelists:
   Non-Class:  3.70 MB
       Class:  1.86 MB
        Both:  5.56 MB

MaxMetaspaceSize: unlimited
CompressedClassSpaceSize: 1.00 GB
Initial GC threshold: 21.00 MB
Current GC threshold: 21.00 MB
CDS: off
MetaspaceReclaimPolicy: balanced
 - commit_granule_bytes: 65536.
 - commit_granule_words: 8192.
 - virtual_space_node_default_size: 1048576.
 - enlarge_chunks_in_place: 1.
 - new_chunks_are_fully_committed: 0.
 - uncommit_free_chunks: 1.
 - use_allocation_guard: 0.
 - handle_deallocations: 1.


Internal statistics:

num_allocs_failed_limit: 0.
num_arena_births: 198.
num_arena_deaths: 0.
num_vsnodes_births: 4.
num_vsnodes_deaths: 0.
num_space_committed: 288.
num_space_uncommitted: 0.
num_chunks_returned_to_freelist: 0.
num_chunks_taken_from_freelist: 510.
num_chunk_merges: 0.
num_chunk_splits: 285.
num_chunks_enlarged: 183.
num_purges: 0.
num_inconsistent_stats: 0.

CodeHeap 'non-profiled nmethods': size=120000Kb used=523Kb max_used=523Kb free=119476Kb
 bounds [0x00000213e3910000, 0x00000213e3b80000, 0x00000213eae40000]
CodeHeap 'profiled nmethods': size=120000Kb used=2700Kb max_used=2700Kb free=117299Kb
 bounds [0x00000213dc3e0000, 0x00000213dc690000, 0x00000213e3910000]
CodeHeap 'non-nmethods': size=5760Kb used=1191Kb max_used=1206Kb free=4568Kb
 bounds [0x00000213dbe40000, 0x00000213dc0b0000, 0x00000213dc3e0000]
 total_blobs=1949 nmethods=1471 adapters=391
 compilation: enabled
              stopped_count=0, restarted_count=0
 full_count=0

Compilation events (20 events):
Event: 5.526 Thread 0x00000213ef69f800 1412       1       sun.reflect.annotation.AnnotationType::memberDefaults (5 bytes)
Event: 5.526 Thread 0x00000213ef69f800 nmethod 1412 0x00000213e398da90 code [0x00000213e398dc20, 0x00000213e398dcf8]
Event: 5.526 Thread 0x00000213ef69f800 1413       1       sun.reflect.annotation.AnnotationType::retention (5 bytes)
Event: 5.526 Thread 0x00000213ef69f800 nmethod 1413 0x00000213e398dd90 code [0x00000213e398df20, 0x00000213e398dff8]
Event: 5.527 Thread 0x00000213ef69f800 1414       1       org.testng.shaded.com.google.gson.reflect.TypeToken::hashCode (5 bytes)
Event: 5.527 Thread 0x00000213ef69f800 nmethod 1414 0x00000213e398e090 code [0x00000213e398e220, 0x00000213e398e2f8]
Event: 5.527 Thread 0x00000213ef69f800 1415       3       java.lang.Class::isLocalOrAnonymousClass (5 bytes)
Event: 5.527 Thread 0x00000213ef69f800 nmethod 1415 0x00000213dc66c290 code [0x00000213dc66c440, 0x00000213dc66c638]
Event: 5.527 Thread 0x00000213ef69f800 1416       3       java.lang.Class::hasEnclosingMethodInfo (17 bytes)
Event: 5.527 Thread 0x00000213ef69f800 nmethod 1416 0x00000213dc66c710 code [0x00000213dc66c8c0, 0x00000213dc66ca98]
Event: 5.529 Thread 0x00000213ef69f800 1417       3       java.io.BufferedWriter::ensureOpen (18 bytes)
Event: 5.529 Thread 0x00000213ef69f800 nmethod 1417 0x00000213dc66cb90 code [0x00000213dc66cd40, 0x00000213dc66cf48]
Event: 5.529 Thread 0x00000213ef69f800 1418       3       java.lang.invoke.MethodHandles$Lookup$ClassOption::optionsToFlag (40 bytes)
Event: 5.530 Thread 0x00000213ef69f800 nmethod 1418 0x00000213dc66d010 code [0x00000213dc66d1e0, 0x00000213dc66d6a8]
Event: 5.538 Thread 0x00000213ef69f800 1420       3       java.lang.invoke.MethodHandles$Lookup$ClassDefiner::<init> (58 bytes)
Event: 5.539 Thread 0x00000213ef69f800 nmethod 1420 0x00000213dc66d810 code [0x00000213dc66d9c0, 0x00000213dc66dc58]
Event: 5.541 Thread 0x00000213ef69f800 1421       3       java.util.jar.JavaUtilJarAccessImpl::getTrustedAttributes (6 bytes)
Event: 5.541 Thread 0x00000213ef69f800 nmethod 1421 0x00000213dc66dd90 code [0x00000213dc66df40, 0x00000213dc66e088]
Event: 5.542 Thread 0x00000213ef69f800 1422       3       java.util.concurrent.ConcurrentHashMap::get (162 bytes)
Event: 5.543 Thread 0x00000213ef69f800 nmethod 1422 0x00000213dc66e190 code [0x00000213dc66e3e0, 0x00000213dc66eea8]

GC Heap History (4 events):
Event: 3.833 GC heap before
{Heap before GC invocations=0 (full 0):
 garbage-first heap   total 61440K, used 13312K [0x00000000c4000000, 0x0000000100000000)
  region size 1024K, 13 young (13312K), 0 survivors (0K)
 Metaspace       used 12581K, committed 12736K, reserved 1064960K
  class space    used 1195K, committed 1280K, reserved 1048576K
}
Event: 3.842 GC heap after
{Heap after GC invocations=1 (full 0):
 garbage-first heap   total 61440K, used 4400K [0x00000000c4000000, 0x0000000100000000)
  region size 1024K, 2 young (2048K), 2 survivors (2048K)
 Metaspace       used 12581K, committed 12736K, reserved 1064960K
  class space    used 1195K, committed 1280K, reserved 1048576K
}
Event: 5.312 GC heap before
{Heap before GC invocations=1 (full 0):
 garbage-first heap   total 61440K, used 16688K [0x00000000c4000000, 0x0000000100000000)
  region size 1024K, 14 young (14336K), 2 survivors (2048K)
 Metaspace       used 16741K, committed 16960K, reserved 1064960K
  class space    used 1774K, committed 1856K, reserved 1048576K
}
Event: 5.317 GC heap after
{Heap after GC invocations=2 (full 0):
 garbage-first heap   total 61440K, used 5245K [0x00000000c4000000, 0x0000000100000000)
  region size 1024K, 2 young (2048K), 2 survivors (2048K)
 Metaspace       used 16741K, committed 16960K, reserved 1064960K
  class space    used 1774K, committed 1856K, reserved 1048576K
}

Deoptimization events (20 events):
Event: 4.552 Thread 0x00000213d87bc9c0 Uncommon trap: trap_request=0xffffffde fr.pc=0x00000213e397f8ac relative=0x000000000000010c
Event: 4.552 Thread 0x00000213d87bc9c0 Uncommon trap: reason=class_check action=maybe_recompile pc=0x00000213e397f8ac method=jdk.internal.misc.Unsafe.allocateUninitializedArray(Ljava/lang/Class;I)Ljava/lang/Object; @ 51 c2
Event: 4.552 Thread 0x00000213d87bc9c0 DEOPT PACKING pc=0x00000213e397f8ac sp=0x0000008ee42fcbd0
Event: 4.552 Thread 0x00000213d87bc9c0 DEOPT UNPACKING pc=0x00000213dbe95c23 sp=0x0000008ee42fcb58 mode 2
Event: 4.552 Thread 0x00000213d87bc9c0 Uncommon trap: trap_request=0xffffffde fr.pc=0x00000213e397f8ac relative=0x000000000000010c
Event: 4.552 Thread 0x00000213d87bc9c0 Uncommon trap: reason=class_check action=maybe_recompile pc=0x00000213e397f8ac method=jdk.internal.misc.Unsafe.allocateUninitializedArray(Ljava/lang/Class;I)Ljava/lang/Object; @ 51 c2
Event: 4.552 Thread 0x00000213d87bc9c0 DEOPT PACKING pc=0x00000213e397f8ac sp=0x0000008ee42fc7d0
Event: 4.552 Thread 0x00000213d87bc9c0 DEOPT UNPACKING pc=0x00000213dbe95c23 sp=0x0000008ee42fc758 mode 2
Event: 4.907 Thread 0x00000213d87bc9c0 Uncommon trap: trap_request=0xffffff45 fr.pc=0x00000213e391d2c0 relative=0x0000000000000040
Event: 4.907 Thread 0x00000213d87bc9c0 Uncommon trap: reason=unstable_if action=reinterpret pc=0x00000213e391d2c0 method=sun.nio.fs.WindowsPathParser.isSlash(C)Z @ 9 c2
Event: 4.907 Thread 0x00000213d87bc9c0 DEOPT PACKING pc=0x00000213e391d2c0 sp=0x0000008ee42fd550
Event: 4.907 Thread 0x00000213d87bc9c0 DEOPT UNPACKING pc=0x00000213dbe95c23 sp=0x0000008ee42fd4d8 mode 2
Event: 5.526 Thread 0x00000213d87bc9c0 Uncommon trap: trap_request=0xffffff45 fr.pc=0x00000213e396c66c relative=0x000000000000024c
Event: 5.526 Thread 0x00000213d87bc9c0 Uncommon trap: reason=unstable_if action=reinterpret pc=0x00000213e396c66c method=java.util.concurrent.ConcurrentHashMap.get(Ljava/lang/Object;)Ljava/lang/Object; @ 76 c2
Event: 5.526 Thread 0x00000213d87bc9c0 DEOPT PACKING pc=0x00000213e396c66c sp=0x0000008ee42fde30
Event: 5.526 Thread 0x00000213d87bc9c0 DEOPT UNPACKING pc=0x00000213dbe95c23 sp=0x0000008ee42fdda8 mode 2
Event: 5.526 Thread 0x00000213d87bc9c0 Uncommon trap: trap_request=0xffffffde fr.pc=0x00000213e3987c84 relative=0x0000000000000ee4
Event: 5.526 Thread 0x00000213d87bc9c0 Uncommon trap: reason=class_check action=maybe_recompile pc=0x00000213e3987c84 method=java.util.concurrent.ConcurrentHashMap.putVal(Ljava/lang/Object;Ljava/lang/Object;Z)Ljava/lang/Object; @ 242 c2
Event: 5.526 Thread 0x00000213d87bc9c0 DEOPT PACKING pc=0x00000213e3987c84 sp=0x0000008ee42fdd70
Event: 5.526 Thread 0x00000213d87bc9c0 DEOPT UNPACKING pc=0x00000213dbe95c23 sp=0x0000008ee42fdce0 mode 2

Classes unloaded (0 events):
No events

Classes redefined (0 events):
No events

Internal exceptions (20 events):
Event: 4.302 Thread 0x00000213d87bc9c0 Exception <a 'java/lang/NoSuchMethodError'{0x00000000c7898c68}: 'java.lang.Object java.lang.invoke.DirectMethodHandle$Holder.invokeStatic(java.lang.Object, java.lang.Object, int, java.lang.Object, java.lang.Object)'> (0x00000000c7898c68) 
thrown [s\src\hotspot\share\interpreter\linkResolver.cpp, line 759]
Event: 4.303 Thread 0x00000213d87bc9c0 Exception <a 'java/lang/NoSuchMethodError'{0x00000000c78a05e8}: 'java.lang.Object java.lang.invoke.DirectMethodHandle$Holder.newInvokeSpecial(java.lang.Object, java.lang.Object, int, java.lang.Object)'> (0x00000000c78a05e8) 
thrown [s\src\hotspot\share\interpreter\linkResolver.cpp, line 759]
Event: 4.303 Thread 0x00000213d87bc9c0 Exception <a 'java/lang/NoSuchMethodError'{0x00000000c78a49c8}: 'java.lang.Object java.lang.invoke.DirectMethodHandle$Holder.invokeSpecial(java.lang.Object, java.lang.Object, java.lang.Object, int, java.lang.Object)'> (0x00000000c78a49c8) 
thrown [s\src\hotspot\share\interpreter\linkResolver.cpp, line 759]
Event: 4.304 Thread 0x00000213d87bc9c0 Exception <a 'java/lang/NoSuchMethodError'{0x00000000c78a8590}: 'java.lang.Object java.lang.invoke.Invokers$Holder.linkToTargetMethod(java.lang.Object, int, java.lang.Object, java.lang.Object)'> (0x00000000c78a8590) 
thrown [s\src\hotspot\share\interpreter\linkResolver.cpp, line 759]
Event: 4.316 Thread 0x00000213d87bc9c0 Exception <a 'java/lang/NoSuchMethodError'{0x00000000c78e4410}: 'void java.lang.invoke.DirectMethodHandle$Holder.invokeStatic(java.lang.Object, java.lang.Object, java.lang.Object)'> (0x00000000c78e4410) 
thrown [s\src\hotspot\share\interpreter\linkResolver.cpp, line 759]
Event: 4.387 Thread 0x00000213d87bc9c0 Exception <a 'java/lang/NoSuchMethodError'{0x00000000c7604fb8}: 'void java.lang.invoke.DirectMethodHandle$Holder.invokeInterface(java.lang.Object, java.lang.Object)'> (0x00000000c7604fb8) 
thrown [s\src\hotspot\share\interpreter\linkResolver.cpp, line 759]
Event: 4.409 Thread 0x00000213d87bc9c0 Exception <a 'java/lang/NoSuchMethodError'{0x00000000c76b6bb0}: 'java.lang.Object java.lang.invoke.DirectMethodHandle$Holder.invokeVirtual(java.lang.Object, java.lang.Object, java.lang.Object)'> (0x00000000c76b6bb0) 
thrown [s\src\hotspot\share\interpreter\linkResolver.cpp, line 759]
Event: 4.518 Thread 0x00000213d87bc9c0 Exception <a 'java/lang/NoSuchMethodError'{0x00000000c751b408}: 'java.lang.Object java.lang.invoke.DirectMethodHandle$Holder.invokeInterface(java.lang.Object, java.lang.Object, java.lang.Object)'> (0x00000000c751b408) 
thrown [s\src\hotspot\share\interpreter\linkResolver.cpp, line 759]
Event: 4.524 Thread 0x00000213d87bc9c0 Exception <a 'java/lang/NoSuchMethodError'{0x00000000c7535a50}: 'java.lang.Object java.lang.invoke.DirectMethodHandle$Holder.invokeSpecialIFC(java.lang.Object, java.lang.Object, java.lang.Object, java.lang.Object)'> (0x00000000c7535a50) 
thrown [s\src\hotspot\share\interpreter\linkResolver.cpp, line 759]
Event: 4.558 Thread 0x00000213d87bc9c0 Exception <a 'java/lang/NoSuchMethodError'{0x00000000c7413b60}: 'int java.lang.invoke.DirectMethodHandle$Holder.invokeInterface(java.lang.Object, java.lang.Object)'> (0x00000000c7413b60) 
thrown [s\src\hotspot\share\interpreter\linkResolver.cpp, line 759]
Event: 4.617 Thread 0x00000213d87bc9c0 Exception <a 'java/lang/NoSuchMethodError'{0x00000000c74e57d0}: 'void java.lang.invoke.DirectMethodHandle$Holder.invokeSpecial(java.lang.Object, java.lang.Object, java.lang.Object)'> (0x00000000c74e57d0) 
thrown [s\src\hotspot\share\interpreter\linkResolver.cpp, line 759]
Event: 4.652 Thread 0x00000213d87bc9c0 Exception <a 'java/lang/NoSuchMethodError'{0x00000000c730e138}: 'java.lang.Object java.lang.invoke.DirectMethodHandle$Holder.invokeStatic(java.lang.Object, java.lang.Object, int)'> (0x00000000c730e138) 
thrown [s\src\hotspot\share\interpreter\linkResolver.cpp, line 759]
Event: 4.652 Thread 0x00000213d87bc9c0 Exception <a 'java/lang/NoSuchMethodError'{0x00000000c73195c0}: 'void java.lang.invoke.DelegatingMethodHandle$Holder.delegate(java.lang.Object, java.lang.Object, int, java.lang.Object)'> (0x00000000c73195c0) 
thrown [s\src\hotspot\share\interpreter\linkResolver.cpp, line 759]
Event: 4.857 Thread 0x00000213d87bc9c0 Exception <a 'java/lang/NoSuchMethodError'{0x00000000c739a5a8}: 'java.lang.Object java.lang.invoke.DirectMethodHandle$Holder.newInvokeSpecial(java.lang.Object, java.lang.Object, java.lang.Object, java.lang.Object, java.lang.Object, java.lang.Object)'> (0x00000000c739a5a8) 
thrown [s\src\hotspot\share\interpreter\linkResolver.cpp, line 759]
Event: 4.890 Thread 0x00000213d87bc9c0 Exception <a 'java/lang/NoSuchMethodError'{0x00000000c73aa930}: 'void java.lang.invoke.DirectMethodHandle$Holder.invokeStaticInit(java.lang.Object)'> (0x00000000c73aa930) 
thrown [s\src\hotspot\share\interpreter\linkResolver.cpp, line 759]
Event: 5.001 Thread 0x00000213d87bc9c0 Exception <a 'java/lang/NoSuchMethodError'{0x00000000c73c40e8}: 'java.lang.Object java.lang.invoke.DirectMethodHandle$Holder.invokeSpecialIFC(java.lang.Object, java.lang.Object, java.lang.Object, java.lang.Object, java.lang.Object)'> (0x00000000c73c40e8) 
thrown [s\src\hotspot\share\interpreter\linkResolver.cpp, line 759]
Event: 5.139 Thread 0x00000213d87bc9c0 Exception <a 'java/lang/NoSuchMethodError'{0x00000000c7056b90}: 'java.lang.Object java.lang.invoke.DirectMethodHandle$Holder.invokeSpecial(java.lang.Object, java.lang.Object, int, java.lang.Object, java.lang.Object)'> (0x00000000c7056b90) 
thrown [s\src\hotspot\share\interpreter\linkResolver.cpp, line 759]
Event: 5.445 Thread 0x00000213d87bc9c0 Exception <a 'java/lang/NoSuchMethodError'{0x00000000c7bc69a0}: 'java.lang.Object java.lang.invoke.DirectMethodHandle$Holder.newInvokeSpecial(java.lang.Object, java.lang.Object, java.lang.Object, java.lang.Object, java.lang.Object)'> (0x00000000c7bc69a0) 
thrown [s\src\hotspot\share\interpreter\linkResolver.cpp, line 759]
Event: 5.446 Thread 0x00000213d87bc9c0 Exception <a 'sun/nio/fs/WindowsException'{0x00000000c7bcaa58}> (0x00000000c7bcaa58) 
thrown [s\src\hotspot\share\prims\jni.cpp, line 516]
Event: 5.481 Thread 0x00000213d87bc9c0 Exception <a 'java/lang/NoSuchMethodError'{0x00000000c7bdb9f8}: 'void java.lang.invoke.DirectMethodHandle$Holder.invokeSpecial(java.lang.Object, java.lang.Object, java.lang.Object, java.lang.Object, java.lang.Object)'> (0x00000000c7bdb9f8) 
thrown [s\src\hotspot\share\interpreter\linkResolver.cpp, line 759]

VM Operations (20 events):
Event: 3.341 Executing VM operation: HandshakeAllThreads
Event: 3.341 Executing VM operation: HandshakeAllThreads done
Event: 3.341 Executing VM operation: Cleanup
Event: 3.341 Executing VM operation: Cleanup done
Event: 3.578 Executing VM operation: HandshakeAllThreads
Event: 3.578 Executing VM operation: HandshakeAllThreads done
Event: 3.578 Executing VM operation: HandshakeAllThreads
Event: 3.578 Executing VM operation: HandshakeAllThreads done
Event: 3.832 Executing VM operation: G1CollectForAllocation
Event: 3.842 Executing VM operation: G1CollectForAllocation done
Event: 4.404 Executing VM operation: HandshakeAllThreads
Event: 4.405 Executing VM operation: HandshakeAllThreads done
Event: 4.567 Executing VM operation: HandshakeAllThreads
Event: 4.567 Executing VM operation: HandshakeAllThreads done
Event: 4.587 Executing VM operation: HandshakeAllThreads
Event: 4.587 Executing VM operation: HandshakeAllThreads done
Event: 4.652 Executing VM operation: HandshakeAllThreads
Event: 4.652 Executing VM operation: HandshakeAllThreads done
Event: 5.311 Executing VM operation: G1CollectForAllocation
Event: 5.317 Executing VM operation: G1CollectForAllocation done

Events (20 events):
Event: 5.106 loading class java/util/Tripwire
Event: 5.106 loading class java/util/Tripwire done
Event: 5.139 loading class java/nio/file/FileVisitResult
Event: 5.139 loading class java/nio/file/FileVisitResult done
Event: 5.193 loading class java/util/regex/Pattern$LookBehindEndNode
Event: 5.206 loading class java/util/regex/Pattern$LookBehindEndNode done
Event: 5.207 loading class java/util/regex/Pattern$NotBehind
Event: 5.207 loading class java/util/regex/Pattern$NotBehind done
Event: 5.417 loading class java/util/stream/DistinctOps$1$2
Event: 5.417 loading class java/util/stream/DistinctOps$1$2 done
Event: 5.446 loading class sun/nio/fs/WindowsException
Event: 5.446 loading class sun/nio/fs/WindowsException done
Event: 5.449 loading class java/nio/file/FileTreeWalker$DirectoryNode
Event: 5.449 loading class java/nio/file/FileTreeWalker$DirectoryNode done
Event: 5.484 loading class java/lang/annotation/Repeatable
Event: 5.484 loading class java/lang/annotation/Repeatable done
Event: 5.487 loading class java/lang/annotation/ElementType
Event: 5.487 loading class java/lang/annotation/ElementType done
Event: 5.528 loading class jdk/internal/reflect/UnsafeLongFieldAccessorImpl
Event: 5.528 loading class jdk/internal/reflect/UnsafeLongFieldAccessorImpl done


Dynamic libraries:
0x00007ff72c030000 - 0x00007ff72c03e000 	D:\eclipse\eclipse\plugins\org.eclipse.justj.openjdk.hotspot.jre.full.win32.x86_64_17.0.4.v20220903-1038\jre\bin\javaw.exe
0x00007ffbb25d0000 - 0x00007ffbb27e7000 	C:\WINDOWS\SYSTEM32\ntdll.dll
0x00007ffbb2030000 - 0x00007ffbb20f4000 	C:\WINDOWS\System32\KERNEL32.DLL
0x00007ffbaf9b0000 - 0x00007ffbafd56000 	C:\WINDOWS\System32\KERNELBASE.dll
0x00007ffbb0020000 - 0x00007ffbb0131000 	C:\WINDOWS\System32\ucrtbase.dll
0x00007ffba27c0000 - 0x00007ffba27d8000 	D:\eclipse\eclipse\plugins\org.eclipse.justj.openjdk.hotspot.jre.full.win32.x86_64_17.0.4.v20220903-1038\jre\bin\jli.dll
0x00007ffbb1c80000 - 0x00007ffbb1e2e000 	C:\WINDOWS\System32\USER32.dll
0x00007ffbafd60000 - 0x00007ffbafd86000 	C:\WINDOWS\System32\win32u.dll
0x00007ffbb1980000 - 0x00007ffbb19a9000 	C:\WINDOWS\System32\GDI32.dll
0x00007ffbb0200000 - 0x00007ffbb0318000 	C:\WINDOWS\System32\gdi32full.dll
0x00007ffbaff80000 - 0x00007ffbb001a000 	C:\WINDOWS\System32\msvcp_win.dll
0x00007ffba25b0000 - 0x00007ffba25c9000 	D:\eclipse\eclipse\plugins\org.eclipse.justj.openjdk.hotspot.jre.full.win32.x86_64_17.0.4.v20220903-1038\jre\bin\VCRUNTIME140.dll
0x00007ffb98830000 - 0x00007ffb98ac3000 	C:\WINDOWS\WinSxS\amd64_microsoft.windows.common-controls_6595b64144ccf1df_6.0.22621.2506_none_270c5ae97388e100\COMCTL32.dll
0x00007ffbb0ee0000 - 0x00007ffbb0f87000 	C:\WINDOWS\System32\msvcrt.dll
0x00007ffbb05f0000 - 0x00007ffbb0621000 	C:\WINDOWS\System32\IMM32.DLL
0x00007ffb94f40000 - 0x00007ffb950a3000 	C:\Program Files (x86)\Citrix\ICA Client\epclient64.dll
0x00007ffbb2200000 - 0x00007ffbb2589000 	C:\WINDOWS\System32\combase.dll
0x00007ffbb04d0000 - 0x00007ffbb05e7000 	C:\WINDOWS\System32\RPCRT4.dll
0x00007ffb9b390000 - 0x00007ffb9b39a000 	C:\WINDOWS\SYSTEM32\VERSION.dll
0x00007ffbaf2f0000 - 0x00007ffbaf318000 	C:\WINDOWS\SYSTEM32\bcrypt.dll
0x00007ffbb0640000 - 0x00007ffbb06f1000 	C:\WINDOWS\System32\ADVAPI32.dll
0x00007ffbb1bd0000 - 0x00007ffbb1c75000 	C:\WINDOWS\System32\sechost.dll
0x00007ffbae960000 - 0x00007ffbae994000 	C:\WINDOWS\SYSTEM32\ntmarta.dll
0x00000213d7e50000 - 0x00000213d7eca000 	C:\WINDOWS\System32\bcryptprimitives.dll
0x00007ffbae940000 - 0x00007ffbae958000 	C:\WINDOWS\SYSTEM32\kernel.appcore.dll
0x00007ffbaa710000 - 0x00007ffbaa71c000 	D:\eclipse\eclipse\plugins\org.eclipse.justj.openjdk.hotspot.jre.full.win32.x86_64_17.0.4.v20220903-1038\jre\bin\vcruntime140_1.dll
0x00007ffb77f50000 - 0x00007ffb77fe1000 	D:\eclipse\eclipse\plugins\org.eclipse.justj.openjdk.hotspot.jre.full.win32.x86_64_17.0.4.v20220903-1038\jre\bin\msvcp140.dll
0x00007ffb369b0000 - 0x00007ffb375f6000 	D:\eclipse\eclipse\plugins\org.eclipse.justj.openjdk.hotspot.jre.full.win32.x86_64_17.0.4.v20220903-1038\jre\bin\server\jvm.dll
0x00007ffbb0630000 - 0x00007ffbb0638000 	C:\WINDOWS\System32\PSAPI.DLL
0x00007ffb8eca0000 - 0x00007ffb8eca9000 	C:\WINDOWS\SYSTEM32\WSOCK32.dll
0x00000213d7ed0000 - 0x00000213d7f41000 	C:\WINDOWS\System32\WS2_32.dll
0x00007ffba78c0000 - 0x00007ffba78f4000 	C:\WINDOWS\SYSTEM32\WINMM.dll
0x00007ffb88ad0000 - 0x00007ffb88ada000 	D:\eclipse\eclipse\plugins\org.eclipse.justj.openjdk.hotspot.jre.full.win32.x86_64_17.0.4.v20220903-1038\jre\bin\jimage.dll
0x00007ffbad260000 - 0x00007ffbad493000 	C:\WINDOWS\SYSTEM32\DBGHELP.DLL
0x00007ffbb18a0000 - 0x00007ffbb1977000 	C:\WINDOWS\System32\OLEAUT32.dll
0x00007ffb98090000 - 0x00007ffb980c2000 	C:\WINDOWS\SYSTEM32\dbgcore.DLL
0x00007ffb78540000 - 0x00007ffb78565000 	D:\eclipse\eclipse\plugins\org.eclipse.justj.openjdk.hotspot.jre.full.win32.x86_64_17.0.4.v20220903-1038\jre\bin\java.dll
0x00007ffb835c0000 - 0x00007ffb835d8000 	D:\eclipse\eclipse\plugins\org.eclipse.justj.openjdk.hotspot.jre.full.win32.x86_64_17.0.4.v20220903-1038\jre\bin\zip.dll
0x00007ffbb1040000 - 0x00007ffbb189a000 	C:\WINDOWS\System32\SHELL32.dll
0x00007ffbad860000 - 0x00007ffbae156000 	C:\WINDOWS\SYSTEM32\windows.storage.dll
0x00007ffbad720000 - 0x00007ffbad85e000 	C:\WINDOWS\SYSTEM32\wintypes.dll
0x00007ffbb03d0000 - 0x00007ffbb04c3000 	C:\WINDOWS\System32\SHCORE.dll
0x00000213d86e0000 - 0x00000213d873e000 	C:\WINDOWS\System32\shlwapi.dll
0x00007ffbaf870000 - 0x00007ffbaf896000 	C:\WINDOWS\SYSTEM32\profapi.dll
0x00007ffb76d20000 - 0x00007ffb76d39000 	D:\eclipse\eclipse\plugins\org.eclipse.justj.openjdk.hotspot.jre.full.win32.x86_64_17.0.4.v20220903-1038\jre\bin\net.dll
0x00007ffba81b0000 - 0x00007ffba82e7000 	C:\WINDOWS\SYSTEM32\WINHTTP.dll
0x00007ffbaee30000 - 0x00007ffbaee99000 	C:\WINDOWS\system32\mswsock.dll
0x00007ffb75060000 - 0x00007ffb75075000 	D:\eclipse\eclipse\plugins\org.eclipse.justj.openjdk.hotspot.jre.full.win32.x86_64_17.0.4.v20220903-1038\jre\bin\nio.dll
0x00007ffbae3e0000 - 0x00007ffbae4d9000 	C:\WINDOWS\SYSTEM32\DNSAPI.dll
0x00007ffbae3b0000 - 0x00007ffbae3dd000 	C:\WINDOWS\SYSTEM32\IPHLPAPI.DLL
0x00007ffbb1bc0000 - 0x00007ffbb1bc9000 	C:\WINDOWS\System32\NSI.dll
0x00007ffba7170000 - 0x00007ffba717a000 	C:\Windows\System32\rasadhlp.dll
0x00007ffba7220000 - 0x00007ffba72a3000 	C:\WINDOWS\System32\fwpuclnt.dll
0x00007ffbaf090000 - 0x00007ffbaf0ab000 	C:\WINDOWS\SYSTEM32\CRYPTSP.dll
0x00007ffbae8a0000 - 0x00007ffbae8d5000 	C:\WINDOWS\system32\rsaenh.dll
0x00007ffbaef20000 - 0x00007ffbaef4c000 	C:\WINDOWS\SYSTEM32\USERENV.dll
0x00007ffbaf0b0000 - 0x00007ffbaf0bc000 	C:\WINDOWS\SYSTEM32\CRYPTBASE.dll
0x00007ffba7ee0000 - 0x00007ffba7ef9000 	C:\WINDOWS\SYSTEM32\dhcpcsvc6.DLL
0x00007ffba7e10000 - 0x00007ffba7e2f000 	C:\WINDOWS\SYSTEM32\dhcpcsvc.DLL
0x00007ffb88ac0000 - 0x00007ffb88ad0000 	D:\eclipse\eclipse\plugins\org.eclipse.justj.openjdk.hotspot.jre.full.win32.x86_64_17.0.4.v20220903-1038\jre\bin\verify.dll

dbghelp: loaded successfully - version: 4.0.5 - missing functions: none
symbol engine: initialized successfully - sym options: 0x614 - pdb path: .;D:\eclipse\eclipse\plugins\org.eclipse.justj.openjdk.hotspot.jre.full.win32.x86_64_17.0.4.v20220903-1038\jre\bin;C:\WINDOWS\SYSTEM32;C:\WINDOWS\WinSxS\amd64_microsoft.windows.common-controls_6595b64144ccf1df_6.0.22621.2506_none_270c5ae97388e100;C:\Program Files (x86)\Citrix\ICA Client;D:\eclipse\eclipse\plugins\org.eclipse.justj.openjdk.hotspot.jre.full.win32.x86_64_17.0.4.v20220903-1038\jre\bin\server

VM Arguments:
jvm_args: -ea -Dfile.encoding=UTF-8 -XX:+ShowCodeDetailsInExceptionMessages 
java_command: org.testng.remote.RemoteTestNG -serport 60898 -protocol json -d D:\Selenium_2023\CertificateUI\test-output C:\Users\priya\AppData\Local\Temp\testng-eclipse-366638256\testng-customsuite.xml
java_class_path (initial): D:\eclipse\eclipse\configuration\org.eclipse.osgi\440\0\.cp\lib\testng-remote.jar;D:\Selenium_2023\CertificateUI\target\test-classes;D:\Selenium_2023\CertificateUI\target\classes;C:\Users\priya\.m2\repository\io\cucumber\cucumber-java\7.15.0\cucumber-java-7.15.0.jar;C:\Users\priya\.m2\repository\io\cucumber\cucumber-core\7.15.0\cucumber-core-7.15.0.jar;C:\Users\priya\.m2\repository\io\cucumber\cucumber-gherkin\7.15.0\cucumber-gherkin-7.15.0.jar;C:\Users\priya\.m2\repository\io\cucumber\cucumber-gherkin-messages\7.15.0\cucumber-gherkin-messages-7.15.0.jar;C:\Users\priya\.m2\repository\io\cucumber\gherkin\26.2.0\gherkin-26.2.0.jar;C:\Users\priya\.m2\repository\io\cucumber\messages\22.0.0\messages-22.0.0.jar;C:\Users\priya\.m2\repository\io\cucumber\tag-expressions\6.0.0\tag-expressions-6.0.0.jar;C:\Users\priya\.m2\repository\io\cucumber\cucumber-expressions\17.0.1\cucumber-expressions-17.0.1.jar;C:\Users\priya\.m2\repository\io\cucumber\datatable\7.15.0\datatable-7.15.0.jar;C:\Users\priya\.m2\repository\io\cucumber\cucumber-plugin\7.15.0\cucumber-plugin-7.15.0.jar;C:\Users\priya\.m2\repository\io\cucumber\docstring\7.15.0\docstring-7.15.0.jar;C:\Users\priya\.m2\repository\io\cucumber\html-formatter\20.4.0\html-formatter-20.4.0.jar;C:\Users\priya\.m2\repository\io\cucumber\junit-xml-formatter\0.2.0\junit-xml-formatter-0.2.0.jar;C:\Users\priya\.m2\repository\io\cucumber\ci-environment\10.0.0\ci-environment-10.0.0.jar;C:\Users\priya\.m2\repository\org\apiguardian\apiguardian-api\1.1.2\apiguardian-api-1.1.2.jar;C:\Users\priya\.m2\repository\io\cucumber\cucumber-testng\7.14.0\cucumber-testng-7.14.0.jar;C:\Users\priya\.m2\repository\org\seleniumhq\selenium\selenium-java\4.14.1\selenium-java-4.14.1.jar;C:\Users\priya\.m2\repository\org\seleniumhq\selenium\selenium-api\4.14.1\selenium-api-4.14.1.jar;C:\Users\priya\.m2\repository\org\seleniumhq\selenium\selenium-chrome-driver\4.14.1\selenium-chrome-driver-4.14.1.jar;C:\Users\priya\.m2\repository\co
Launcher Type: SUN_STANDARD

[Global flags]
     intx CICompilerCount                          = 3                                         {product} {ergonomic}
     uint ConcGCThreads                            = 1                                         {product} {ergonomic}
     uint G1ConcRefinementThreads                  = 4                                         {product} {ergonomic}
   size_t G1HeapRegionSize                         = 1048576                                   {product} {ergonomic}
    uintx GCDrainStackTargetSize                   = 64                                        {product} {ergonomic}
   size_t InitialHeapSize                          = 62914560                                  {product} {ergonomic}
   size_t MarkStackSize                            = 4194304                                   {product} {ergonomic}
   size_t MaxHeapSize                              = 1006632960                                {product} {ergonomic}
   size_t MaxNewSize                               = 603979776                                 {product} {ergonomic}
   size_t MinHeapDeltaBytes                        = 1048576                                   {product} {ergonomic}
   size_t MinHeapSize                              = 8388608                                   {product} {ergonomic}
    uintx NonNMethodCodeHeapSize                   = 5832780                                {pd product} {ergonomic}
    uintx NonProfiledCodeHeapSize                  = 122912730                              {pd product} {ergonomic}
    uintx ProfiledCodeHeapSize                     = 122912730                              {pd product} {ergonomic}
    uintx ReservedCodeCacheSize                    = 251658240                              {pd product} {ergonomic}
     bool SegmentedCodeCache                       = true                                      {product} {ergonomic}
     bool ShowCodeDetailsInExceptionMessages       = true                                   {manageable} {command line}
   size_t SoftMaxHeapSize                          = 1006632960                             {manageable} {ergonomic}
     bool UseCompressedClassPointers               = true                           {product lp64_product} {ergonomic}
     bool UseCompressedOops                        = true                           {product lp64_product} {ergonomic}
     bool UseG1GC                                  = true                                      {product} {ergonomic}
     bool UseLargePagesIndividualAllocation        = false                                  {pd product} {ergonomic}

Logging:
Log output configuration:
 #0: stdout all=warning uptime,level,tags
 #1: stderr all=off uptime,level,tags

Environment Variables:
JAVA_HOME=C:\Program Files\Java\jdk-21
PATH=D:/eclipse/eclipse//plugins/org.eclipse.justj.openjdk.hotspot.jre.full.win32.x86_64_17.0.4.v20220903-1038/jre/bin/server;D:/eclipse/eclipse//plugins/org.eclipse.justj.openjdk.hotspot.jre.full.win32.x86_64_17.0.4.v20220903-1038/jre/bin;C:\Program Files\Common Files\Oracle\Java\javapath;C:\Program Files (x86)\Common Files\Oracle\Java\javapath;C:\WINDOWS\system32;C:\WINDOWS;C:\WINDOWS\System32\Wbem;C:\WINDOWS\System32\WindowsPowerShell\v1.0\;C:\WINDOWS\System32\OpenSSH\;C:\Program Files\Java\jdk-21\bin;C:\Program Files\apache-maven-3.9.5\bin;C:\Program Files\nodejs\;C:\Program Files\Git\bin;C:\Program Files\JetBrains\IntelliJ IDEA Community Edition 2022.3.2\jbr\bin;C:\Users\priya\AppData\Local\Microsoft\WindowsApps;C:\Users\priya\AppData\Local\GitHubDesktop\bin;C:\Users\priya\AppData\Roaming\npm;D:\eclipse\eclipse;
USERNAME=priya
OS=Windows_NT
PROCESSOR_IDENTIFIER=Intel64 Family 6 Model 140 Stepping 1, GenuineIntel
TMP=C:\Users\priya\AppData\Local\Temp
TEMP=C:\Users\priya\AppData\Local\Temp



---------------  S Y S T E M  ---------------

OS:
 Windows 11 , 64 bit Build 22621 (10.0.22621.2506)
OS uptime: 0 days 8:53 hours

CPU: total 4 (initial active 4) (2 cores per cpu, 2 threads per core) family 6 model 140 stepping 1 microcode 0x8a, cx8, cmov, fxsr, ht, mmx, 3dnowpref, sse, sse2, sse3, ssse3, sse4.1, sse4.2, popcnt, lzcnt, tsc, tscinvbit, avx, avx2, aes, erms, clmul, bmi1, bmi2, adx, avx512f, avx512dq, avx512cd, avx512bw, avx512vl, sha, fma, vzeroupper, avx512_vpopcntdq, avx512_vpclmulqdq, avx512_vaes, avx512_vnni, clflush, clflushopt, clwb, avx512_vbmi2, avx512_vbmi

Memory: 4k page, system-wide physical 3838M (401M free)
TotalPageFile size 12096M (AvailPageFile size 11M)
current process WorkingSet (physical memory assigned to process): 88M, peak: 88M
current process commit charge ("private bytes"): 157M, peak: 157M

vm_info: OpenJDK 64-Bit Server VM (17.0.4.1+1) for windows-amd64 JRE (17.0.4.1+1), built on Aug 17 2022 07:42:43 by "temurin" with MS VC++ 16.7 (VS2019)

END.
